#
# There is insufficient memory for the Java Runtime Environment to continue.
# Native memory allocation (malloc) failed to allocate 1048576 bytes for AllocateHeap
# Possible reasons:
#   The system is out of physical RAM or swap space
#   The process is running with CompressedOops enabled, and the Java Heap may be blocking the growth of the native heap
# Possible solutions:
#   Reduce memory load on the system
#   Increase physical memory or swap space
#   Check if swap backing store is full
#   Decrease Java heap size (-Xmx/-Xms)
#   Decrease number of Java threads
#   Decrease Java thread stack sizes (-Xss)
#   Set larger code cache with -XX:ReservedCodeCacheSize=
#   JVM is running with Unscaled Compressed Oops mode in which the Java heap is
#     placed in the first 4GB address space. The Java Heap base address is the
#     maximum limit for the native heap growth. Please use -XX:HeapBaseMinAddress
#     to set the Java Heap base and to place the Java Heap above 4GB virtual address.
# This output file may be truncated or incomplete.
#
#  Out of Memory Error (allocation.cpp:44), pid=21092, tid=11596
#
# JRE version: OpenJDK Runtime Environment Temurin-17.0.10+7 (17.0.10+7) (build 17.0.10+7)
# Java VM: OpenJDK 64-Bit Server VM Temurin-17.0.10+7 (17.0.10+7, mixed mode, emulated-client, tiered, compressed oops, compressed class ptrs, g1 gc, windows-amd64)
# No core dump will be written. Minidumps are not enabled by default on client versions of Windows
#

---------------  S U M M A R Y ------------

Command Line: -XX:+HeapDumpOnOutOfMemoryError -Xmx1024m -Dsts.lsp.client=vscode -Dsts.log.file=/dev/null -XX:TieredStopAtLevel=1 -Xlog:jni+resolve=off -Dspring.config.location=file:c:\Users\srish\.vscode\extensions\vmware.vscode-spring-boot-1.53.0\language-server\BOOT-INF\classes\application.properties org.springframework.ide.vscode.boot.app.BootLanguageServerBootApp

Host: Intel(R) Core(TM) i5-1035G1 CPU @ 1.00GHz, 8 cores, 7G,  Windows 11 , 64 bit Build 22621 (10.0.22621.3374)
Time: Sun Apr 14 01:39:53 2024 Eastern Daylight Time elapsed time: 3957.743246 seconds (0d 1h 5m 57s)

---------------  T H R E A D  ---------------

Current thread (0x000001dd43c09a10):  VMThread "VM Thread" [stack: 0x000000a540800000,0x000000a540900000] [id=11596]

Stack: [0x000000a540800000,0x000000a540900000]
Native frames: (J=compiled Java code, j=interpreted, Vv=VM code, C=native code)
V  [jvm.dll+0x67d2c9]
V  [jvm.dll+0x834afa]
V  [jvm.dll+0x8365be]
V  [jvm.dll+0x836c23]
V  [jvm.dll+0x2477ff]
V  [jvm.dll+0xa6c93]
V  [jvm.dll+0x2f8663]
V  [jvm.dll+0x2f42e0]
V  [jvm.dll+0x2dc8c7]
V  [jvm.dll+0x31fb87]
V  [jvm.dll+0x83b11b]
V  [jvm.dll+0x83be61]
V  [jvm.dll+0x83c37d]
V  [jvm.dll+0x83c754]
V  [jvm.dll+0x83c820]
V  [jvm.dll+0x7e3fba]
V  [jvm.dll+0x67c1b5]
C  [ucrtbase.dll+0x29333]
C  [KERNEL32.DLL+0x1257d]
C  [ntdll.dll+0x5aa48]

VM_Operation (0x000000a5420fed20): G1CollectFull, mode: safepoint, requested by thread 0x000001dd49645b60


---------------  P R O C E S S  ---------------

Threads class SMR info:
_java_thread_list=0x000001dd497c5120, length=27, elements={
0x000001dd43c1e380, 0x000001dd43c1ee50, 0x000001dd43c4de30, 0x000001dd43c4e900,
0x000001dd48002480, 0x000001dd48004d60, 0x000001dd48005630, 0x000001dd480316e0,
0x000001dd48218490, 0x000001dd4821d570, 0x000001dd496c6480, 0x000001dd49645b60,
0x000001dd48b4ebd0, 0x000001dd36e17bc0, 0x000001dd48c6ad90, 0x000001dd4981fa80,
0x000001dd49675960, 0x000001dd496777c0, 0x000001dd49676380, 0x000001dd496772b0,
0x000001dd49676890, 0x000001dd48c64480, 0x000001dd48c63f70, 0x000001dd48c62110,
0x000001dd48c602b0, 0x000001dd48c607c0, 0x000001dd48c667f0
}

Java Threads: ( => current thread )
  0x000001dd43c1e380 JavaThread "Reference Handler" daemon [_thread_blocked, id=17544, stack(0x000000a540900000,0x000000a540a00000)]
  0x000001dd43c1ee50 JavaThread "Finalizer" daemon [_thread_blocked, id=18580, stack(0x000000a540a00000,0x000000a540b00000)]
  0x000001dd43c4de30 JavaThread "Signal Dispatcher" daemon [_thread_blocked, id=20336, stack(0x000000a540b00000,0x000000a540c00000)]
  0x000001dd43c4e900 JavaThread "Attach Listener" daemon [_thread_blocked, id=20356, stack(0x000000a540c00000,0x000000a540d00000)]
  0x000001dd48002480 JavaThread "Service Thread" daemon [_thread_blocked, id=17600, stack(0x000000a540d00000,0x000000a540e00000)]
  0x000001dd48004d60 JavaThread "Monitor Deflation Thread" daemon [_thread_blocked, id=15540, stack(0x000000a540e00000,0x000000a540f00000)]
  0x000001dd48005630 JavaThread "C1 CompilerThread0" daemon [_thread_blocked, id=13124, stack(0x000000a540f00000,0x000000a541000000)]
  0x000001dd480316e0 JavaThread "Sweeper thread" daemon [_thread_blocked, id=18144, stack(0x000000a541000000,0x000000a541100000)]
  0x000001dd48218490 JavaThread "Notification Thread" daemon [_thread_blocked, id=12612, stack(0x000000a541200000,0x000000a541300000)]
  0x000001dd4821d570 JavaThread "Common-Cleaner" daemon [_thread_blocked, id=11260, stack(0x000000a541400000,0x000000a541500000)]
  0x000001dd496c6480 JavaThread "boundedElastic-evictor-1" daemon [_thread_blocked, id=13568, stack(0x000000a541a00000,0x000000a541b00000)]
  0x000001dd49645b60 JavaThread "pool-13-thread-1" [_thread_blocked, id=9008, stack(0x000000a542000000,0x000000a542100000)]
  0x000001dd48b4ebd0 JavaThread "LanguageServerApp-lifecycle" [_thread_blocked, id=11496, stack(0x000000a542100000,0x000000a542200000)]
  0x000001dd36e17bc0 JavaThread "DestroyJavaVM" [_thread_blocked, id=14288, stack(0x000000a540200000,0x000000a540300000)]
  0x000001dd48c6ad90 JavaThread "pool-14-thread-1" [_thread_in_native, id=10820, stack(0x000000a542200000,0x000000a542300000)]
  0x000001dd4981fa80 JavaThread "Simple-Language-Server main thread" daemon [_thread_blocked, id=6616, stack(0x000000a542300000,0x000000a542400000)]
  0x000001dd49675960 JavaThread "pool-8-thread-1" [_thread_blocked, id=6480, stack(0x000000a542800000,0x000000a542900000)]
  0x000001dd496777c0 JavaThread "parallel-1" daemon [_thread_blocked, id=5032, stack(0x000000a542900000,0x000000a542a00000)]
  0x000001dd49676380 JavaThread "pool-6-thread-1" [_thread_blocked, id=17660, stack(0x000000a542a00000,0x000000a542b00000)]
  0x000001dd496772b0 JavaThread "parallel-2" daemon [_thread_blocked, id=8800, stack(0x000000a542b00000,0x000000a542c00000)]
  0x000001dd49676890 JavaThread "parallel-3" daemon [_thread_blocked, id=14004, stack(0x000000a542c00000,0x000000a542d00000)]
  0x000001dd48c64480 JavaThread "parallel-4" daemon [_thread_blocked, id=13444, stack(0x000000a543300000,0x000000a543400000)]
  0x000001dd48c63f70 JavaThread "parallel-5" daemon [_thread_blocked, id=15024, stack(0x000000a543400000,0x000000a543500000)]
  0x000001dd48c62110 JavaThread "Reconciler-1" daemon [_thread_blocked, id=14808, stack(0x000000a543500000,0x000000a543600000)]
  0x000001dd48c602b0 JavaThread "parallel-6" daemon [_thread_blocked, id=3624, stack(0x000000a540100000,0x000000a540200000)]
  0x000001dd48c607c0 JavaThread "parallel-7" daemon [_thread_blocked, id=18072, stack(0x000000a542700000,0x000000a542800000)]
  0x000001dd48c667f0 JavaThread "parallel-8" daemon [_thread_blocked, id=10672, stack(0x000000a542d00000,0x000000a542e00000)]

Other Threads:
=>0x000001dd43c09a10 VMThread "VM Thread" [stack: 0x000000a540800000,0x000000a540900000] [id=11596]
  0x000001dd48218970 WatcherThread [stack: 0x000000a541300000,0x000000a541400000] [id=17928]
  0x000001dd36e55e20 GCTaskThread "GC Thread#0" [stack: 0x000000a540300000,0x000000a540400000] [id=14920]
  0x000001dd48cb7af0 GCTaskThread "GC Thread#1" [stack: 0x000000a541500000,0x000000a541600000] [id=19076]
  0x000001dd48109390 GCTaskThread "GC Thread#2" [stack: 0x000000a541600000,0x000000a541700000] [id=19408]
  0x000001dd48cea3f0 GCTaskThread "GC Thread#3" [stack: 0x000000a541700000,0x000000a541800000] [id=17388]
  0x000001dd48ba3b70 GCTaskThread "GC Thread#4" [stack: 0x000000a541800000,0x000000a541900000] [id=15512]
  0x000001dd48c27c70 GCTaskThread "GC Thread#5" [stack: 0x000000a541900000,0x000000a541a00000] [id=15616]
  0x000001dd490f84a0 GCTaskThread "GC Thread#6" [stack: 0x000000a541d00000,0x000000a541e00000] [id=10524]
  0x000001dd490f8760 GCTaskThread "GC Thread#7" [stack: 0x000000a541e00000,0x000000a541f00000] [id=8912]
  0x000001dd36e5ec80 ConcurrentGCThread "G1 Main Marker" [stack: 0x000000a540400000,0x000000a540500000] [id=14512]
  0x000001dd36e5f5b0 ConcurrentGCThread "G1 Conc#0" [stack: 0x000000a540500000,0x000000a540600000] [id=17468]
  0x000001dd48f68510 ConcurrentGCThread "G1 Conc#1" [stack: 0x000000a541f00000,0x000000a542000000] [id=652]
  0x000001dd36eb45f0 ConcurrentGCThread "G1 Refine#0" [stack: 0x000000a540600000,0x000000a540700000] [id=15908]
  0x000001dd43a820c0 ConcurrentGCThread "G1 Service" [stack: 0x000000a540700000,0x000000a540800000] [id=4192]

Threads with active compile tasks:

VM state: at safepoint (normal execution)

VM Mutex/Monitor currently owned by a thread:  ([mutex/lock_event])
[0x000001dd36b72c40] Threads_lock - owner thread: 0x000001dd43c09a10
[0x000001dd36b6d030] Heap_lock - owner thread: 0x000001dd49645b60

Heap address: 0x00000000c0000000, size: 1024 MB, Compressed Oops mode: 32-bit

CDS archive(s) not mapped
Compressed class space mapped at: 0x0000000100000000-0x0000000140000000, reserved size: 1073741824
Narrow klass base: 0x0000000000000000, Narrow klass shift: 3, Narrow klass range: 0x140000000

GC Precious Log:
 CPUs: 8 total, 8 available
 Memory: 7946M
 Large Page Support: Disabled
 NUMA Support: Disabled
 Compressed Oops: Enabled (32-bit)
 Heap Region Size: 1M
 Heap Min Capacity: 8M
 Heap Initial Capacity: 126M
 Heap Max Capacity: 1G
 Pre-touch: Disabled
 Parallel Workers: 8
 Concurrent Workers: 2
 Concurrent Refinement Workers: 8
 Periodic GC: Disabled

Heap:
 garbage-first heap   total 80896K, used 34151K [0x00000000c0000000, 0x0000000100000000)
  region size 1024K, 1 young (1024K), 0 survivors (0K)
 Metaspace       used 59312K, committed 59840K, reserved 1114112K
  class space    used 7376K, committed 7552K, reserved 1048576K

Heap Regions: E=young(eden), S=young(survivor), O=old, HS=humongous(starts), HC=humongous(continues), CS=collection set, F=free, OA=open archive, CA=closed archive, TAMS=top-at-mark-start (previous, next)
|   0|0x00000000c0000000, 0x00000000c0100000, 0x00000000c0100000|100%|HS|  |TAMS 0x00000000c0100000, 0x00000000c0000000| Untracked 
|   1|0x00000000c0100000, 0x00000000c0200000, 0x00000000c0200000|100%|HC|  |TAMS 0x00000000c0200000, 0x00000000c0100000| Untracked 
|   2|0x00000000c0200000, 0x00000000c0300000, 0x00000000c0300000|100%|HC|  |TAMS 0x00000000c0300000, 0x00000000c0200000| Untracked 
|   3|0x00000000c0300000, 0x00000000c0400000, 0x00000000c0400000|100%|HC|  |TAMS 0x00000000c0400000, 0x00000000c0300000| Untracked 
|   4|0x00000000c0400000, 0x00000000c0500000, 0x00000000c0500000|100%|HS|  |TAMS 0x00000000c0500000, 0x00000000c0400000| Untracked 
|   5|0x00000000c0500000, 0x00000000c0600000, 0x00000000c0600000|100%|HC|  |TAMS 0x00000000c0600000, 0x00000000c0500000| Untracked 
|   6|0x00000000c0600000, 0x00000000c0700000, 0x00000000c0700000|100%| O|  |TAMS 0x00000000c0700000, 0x00000000c0600000| Untracked 
|   7|0x00000000c0700000, 0x00000000c0800000, 0x00000000c0800000|100%| O|  |TAMS 0x00000000c0800000, 0x00000000c0700000| Untracked 
|   8|0x00000000c0800000, 0x00000000c0900000, 0x00000000c0900000|100%| O|  |TAMS 0x00000000c0900000, 0x00000000c0800000| Untracked 
|   9|0x00000000c0900000, 0x00000000c0a00000, 0x00000000c0a00000|100%| O|  |TAMS 0x00000000c0a00000, 0x00000000c0900000| Untracked 
|  10|0x00000000c0a00000, 0x00000000c0b00000, 0x00000000c0b00000|100%| O|  |TAMS 0x00000000c0b00000, 0x00000000c0a00000| Untracked 
|  11|0x00000000c0b00000, 0x00000000c0c00000, 0x00000000c0c00000|100%| O|  |TAMS 0x00000000c0c00000, 0x00000000c0b00000| Untracked 
|  12|0x00000000c0c00000, 0x00000000c0cffff8, 0x00000000c0d00000| 99%| O|  |TAMS 0x00000000c0cffff8, 0x00000000c0c00000| Untracked 
|  13|0x00000000c0d00000, 0x00000000c0dfffe0, 0x00000000c0e00000| 99%| O|  |TAMS 0x00000000c0dfffe0, 0x00000000c0d00000| Untracked 
|  14|0x00000000c0e00000, 0x00000000c0f00000, 0x00000000c0f00000|100%| O|  |TAMS 0x00000000c0f00000, 0x00000000c0e00000| Untracked 
|  15|0x00000000c0f00000, 0x00000000c0fffff0, 0x00000000c1000000| 99%| O|  |TAMS 0x00000000c0fffff0, 0x00000000c0f00000| Untracked 
|  16|0x00000000c1000000, 0x00000000c10fffb8, 0x00000000c1100000| 99%| O|  |TAMS 0x00000000c10fffb8, 0x00000000c1000000| Untracked 
|  17|0x00000000c1100000, 0x00000000c11fffd0, 0x00000000c1200000| 99%| O|  |TAMS 0x00000000c11fffd0, 0x00000000c1100000| Untracked 
|  18|0x00000000c1200000, 0x00000000c12ffff8, 0x00000000c1300000| 99%| O|  |TAMS 0x00000000c12ffff8, 0x00000000c1200000| Untracked 
|  19|0x00000000c1300000, 0x00000000c1400000, 0x00000000c1400000|100%| O|  |TAMS 0x00000000c1400000, 0x00000000c1300000| Untracked 
|  20|0x00000000c1400000, 0x00000000c14fffe0, 0x00000000c1500000| 99%| O|  |TAMS 0x00000000c14fffe0, 0x00000000c1400000| Untracked 
|  21|0x00000000c1500000, 0x00000000c15fe7f0, 0x00000000c1600000| 99%| O|  |TAMS 0x00000000c15fe7f0, 0x00000000c1500000| Untracked 
|  22|0x00000000c1600000, 0x00000000c16fffd8, 0x00000000c1700000| 99%| O|  |TAMS 0x00000000c16fffd8, 0x00000000c1600000| Untracked 
|  23|0x00000000c1700000, 0x00000000c17ffff0, 0x00000000c1800000| 99%| O|  |TAMS 0x00000000c17ffff0, 0x00000000c1700000| Untracked 
|  24|0x00000000c1800000, 0x00000000c18fffc8, 0x00000000c1900000| 99%| O|  |TAMS 0x00000000c18fffc8, 0x00000000c1800000| Untracked 
|  25|0x00000000c1900000, 0x00000000c19fc530, 0x00000000c1a00000| 98%| O|  |TAMS 0x00000000c19fc530, 0x00000000c1900000| Untracked 
|  26|0x00000000c1a00000, 0x00000000c1b00000, 0x00000000c1b00000|100%| O|  |TAMS 0x00000000c1b00000, 0x00000000c1a00000| Untracked 
|  27|0x00000000c1b00000, 0x00000000c1bfda98, 0x00000000c1c00000| 99%| O|  |TAMS 0x00000000c1bfda98, 0x00000000c1b00000| Untracked 
|  28|0x00000000c1c00000, 0x00000000c1ce5088, 0x00000000c1d00000| 89%| O|  |TAMS 0x00000000c1c00000, 0x00000000c1c00000| Untracked 
|  29|0x00000000c1d00000, 0x00000000c1dffff0, 0x00000000c1e00000| 99%| O|  |TAMS 0x00000000c1dffff0, 0x00000000c1d00000| Untracked 
|  30|0x00000000c1e00000, 0x00000000c1efcfe8, 0x00000000c1f00000| 98%| O|  |TAMS 0x00000000c1efcfe8, 0x00000000c1e00000| Untracked 
|  31|0x00000000c1f00000, 0x00000000c1ffab90, 0x00000000c2000000| 97%| O|  |TAMS 0x00000000c1ffab90, 0x00000000c1f00000| Untracked 
|  32|0x00000000c2000000, 0x00000000c20feee0, 0x00000000c2100000| 99%| O|  |TAMS 0x00000000c20feee0, 0x00000000c2000000| Untracked 
|  33|0x00000000c2100000, 0x00000000c2185e18, 0x00000000c2200000| 52%| O|  |TAMS 0x00000000c2100000, 0x00000000c2100000| Untracked 
|  34|0x00000000c2200000, 0x00000000c2200000, 0x00000000c2300000|  0%| F|  |TAMS 0x00000000c2200000, 0x00000000c2200000| Untracked 
|  35|0x00000000c2300000, 0x00000000c2300000, 0x00000000c2400000|  0%| F|  |TAMS 0x00000000c2300000, 0x00000000c2300000| Untracked 
|  36|0x00000000c2400000, 0x00000000c2400000, 0x00000000c2500000|  0%| F|  |TAMS 0x00000000c2400000, 0x00000000c2400000| Untracked 
|  37|0x00000000c2500000, 0x00000000c2500000, 0x00000000c2600000|  0%| F|  |TAMS 0x00000000c2500000, 0x00000000c2500000| Untracked 
|  38|0x00000000c2600000, 0x00000000c2600000, 0x00000000c2700000|  0%| F|  |TAMS 0x00000000c2600000, 0x00000000c2600000| Untracked 
|  39|0x00000000c2700000, 0x00000000c2700000, 0x00000000c2800000|  0%| F|  |TAMS 0x00000000c2700000, 0x00000000c2700000| Untracked 
|  40|0x00000000c2800000, 0x00000000c2800000, 0x00000000c2900000|  0%| F|  |TAMS 0x00000000c2800000, 0x00000000c2800000| Untracked 
|  41|0x00000000c2900000, 0x00000000c2900000, 0x00000000c2a00000|  0%| F|  |TAMS 0x00000000c2900000, 0x00000000c2900000| Untracked 
|  42|0x00000000c2a00000, 0x00000000c2a00000, 0x00000000c2b00000|  0%| F|  |TAMS 0x00000000c2a00000, 0x00000000c2a00000| Untracked 
|  43|0x00000000c2b00000, 0x00000000c2b00000, 0x00000000c2c00000|  0%| F|  |TAMS 0x00000000c2b00000, 0x00000000c2b00000| Untracked 
|  44|0x00000000c2c00000, 0x00000000c2c00000, 0x00000000c2d00000|  0%| F|  |TAMS 0x00000000c2c00000, 0x00000000c2c00000| Untracked 
|  45|0x00000000c2d00000, 0x00000000c2d00000, 0x00000000c2e00000|  0%| F|  |TAMS 0x00000000c2d00000, 0x00000000c2d00000| Untracked 
|  46|0x00000000c2e00000, 0x00000000c2e00000, 0x00000000c2f00000|  0%| F|  |TAMS 0x00000000c2e00000, 0x00000000c2e00000| Untracked 
|  47|0x00000000c2f00000, 0x00000000c2f00000, 0x00000000c3000000|  0%| F|  |TAMS 0x00000000c2f00000, 0x00000000c2f00000| Untracked 
|  48|0x00000000c3000000, 0x00000000c3000000, 0x00000000c3100000|  0%| F|  |TAMS 0x00000000c3000000, 0x00000000c3000000| Untracked 
|  49|0x00000000c3100000, 0x00000000c3100000, 0x00000000c3200000|  0%| F|  |TAMS 0x00000000c3100000, 0x00000000c3100000| Untracked 
|  50|0x00000000c3200000, 0x00000000c3200000, 0x00000000c3300000|  0%| F|  |TAMS 0x00000000c3200000, 0x00000000c3200000| Untracked 
|  51|0x00000000c3300000, 0x00000000c3300000, 0x00000000c3400000|  0%| F|  |TAMS 0x00000000c3300000, 0x00000000c3300000| Untracked 
|  52|0x00000000c3400000, 0x00000000c3400000, 0x00000000c3500000|  0%| F|  |TAMS 0x00000000c3400000, 0x00000000c3400000| Untracked 
|  53|0x00000000c3500000, 0x00000000c3500000, 0x00000000c3600000|  0%| F|  |TAMS 0x00000000c3500000, 0x00000000c3500000| Untracked 
|  54|0x00000000c3600000, 0x00000000c3600000, 0x00000000c3700000|  0%| F|  |TAMS 0x00000000c3600000, 0x00000000c3600000| Untracked 
|  55|0x00000000c3700000, 0x00000000c3700000, 0x00000000c3800000|  0%| F|  |TAMS 0x00000000c3700000, 0x00000000c3700000| Untracked 
|  56|0x00000000c3800000, 0x00000000c3800000, 0x00000000c3900000|  0%| F|  |TAMS 0x00000000c3800000, 0x00000000c3800000| Untracked 
|  57|0x00000000c3900000, 0x00000000c3900000, 0x00000000c3a00000|  0%| F|  |TAMS 0x00000000c3900000, 0x00000000c3900000| Untracked 
|  58|0x00000000c3a00000, 0x00000000c3a00000, 0x00000000c3b00000|  0%| F|  |TAMS 0x00000000c3a00000, 0x00000000c3a00000| Untracked 
|  59|0x00000000c3b00000, 0x00000000c3b00000, 0x00000000c3c00000|  0%| F|  |TAMS 0x00000000c3b00000, 0x00000000c3b00000| Untracked 
|  60|0x00000000c3c00000, 0x00000000c3c00000, 0x00000000c3d00000|  0%| F|  |TAMS 0x00000000c3c00000, 0x00000000c3c00000| Untracked 
|  61|0x00000000c3d00000, 0x00000000c3d00000, 0x00000000c3e00000|  0%| F|  |TAMS 0x00000000c3d00000, 0x00000000c3d00000| Untracked 
|  62|0x00000000c3e00000, 0x00000000c3e00000, 0x00000000c3f00000|  0%| F|  |TAMS 0x00000000c3e00000, 0x00000000c3e00000| Untracked 
|  63|0x00000000c3f00000, 0x00000000c3f00000, 0x00000000c4000000|  0%| F|  |TAMS 0x00000000c3f00000, 0x00000000c3f00000| Untracked 
|  64|0x00000000c4000000, 0x00000000c4000000, 0x00000000c4100000|  0%| F|  |TAMS 0x00000000c4000000, 0x00000000c4000000| Untracked 
|  65|0x00000000c4100000, 0x00000000c4100000, 0x00000000c4200000|  0%| F|  |TAMS 0x00000000c4100000, 0x00000000c4100000| Untracked 
|  66|0x00000000c4200000, 0x00000000c4200000, 0x00000000c4300000|  0%| F|  |TAMS 0x00000000c4200000, 0x00000000c4200000| Untracked 
|  67|0x00000000c4300000, 0x00000000c4300000, 0x00000000c4400000|  0%| F|  |TAMS 0x00000000c4300000, 0x00000000c4300000| Untracked 
|  68|0x00000000c4400000, 0x00000000c4400000, 0x00000000c4500000|  0%| F|  |TAMS 0x00000000c4400000, 0x00000000c4400000| Untracked 
|  69|0x00000000c4500000, 0x00000000c4500000, 0x00000000c4600000|  0%| F|  |TAMS 0x00000000c4500000, 0x00000000c4500000| Untracked 
|  70|0x00000000c4600000, 0x00000000c4600000, 0x00000000c4700000|  0%| F|  |TAMS 0x00000000c4600000, 0x00000000c4600000| Untracked 
|  71|0x00000000c4700000, 0x00000000c4700000, 0x00000000c4800000|  0%| F|  |TAMS 0x00000000c4700000, 0x00000000c4700000| Untracked 
|  72|0x00000000c4800000, 0x00000000c4800000, 0x00000000c4900000|  0%| F|  |TAMS 0x00000000c4800000, 0x00000000c4800000| Untracked 
|  88|0x00000000c5800000, 0x00000000c5800000, 0x00000000c5900000|  0%| F|  |TAMS 0x00000000c5800000, 0x00000000c5800000| Untracked 
|  89|0x00000000c5900000, 0x00000000c5900000, 0x00000000c5a00000|  0%| F|  |TAMS 0x00000000c5900000, 0x00000000c5900000| Untracked 
|  90|0x00000000c5a00000, 0x00000000c5a00000, 0x00000000c5b00000|  0%| F|  |TAMS 0x00000000c5a00000, 0x00000000c5a00000| Untracked 
|  91|0x00000000c5b00000, 0x00000000c5b00000, 0x00000000c5c00000|  0%| F|  |TAMS 0x00000000c5b00000, 0x00000000c5b00000| Untracked 
|  92|0x00000000c5c00000, 0x00000000c5c00000, 0x00000000c5d00000|  0%| F|  |TAMS 0x00000000c5c00000, 0x00000000c5c00000| Untracked 
| 125|0x00000000c7d00000, 0x00000000c7d058a8, 0x00000000c7e00000|  2%| E|  |TAMS 0x00000000c7d00000, 0x00000000c7d00000| Complete 

Card table byte_map: [0x000001dd3ed70000,0x000001dd3ef70000] _byte_map_base: 0x000001dd3e770000

Marking Bits (Prev, Next): (CMBitMap*) 0x000001dd36e56390, (CMBitMap*) 0x000001dd36e56350
 Prev Bits: [0x000001dd40170000, 0x000001dd41170000)
 Next Bits: [0x000001dd3f170000, 0x000001dd40170000)

Polling page: 0x000001dd36ec0000

Metaspace:

Usage:
  Non-class:     50.72 MB used.
      Class:      7.20 MB used.
       Both:     57.92 MB used.

Virtual space:
  Non-class space:       64.00 MB reserved,      51.06 MB ( 80%) committed,  1 nodes.
      Class space:        1.00 GB reserved,       7.38 MB ( <1%) committed,  1 nodes.
             Both:        1.06 GB reserved,      58.44 MB (  5%) committed. 

Chunk freelists:
   Non-Class:  12.24 MB
       Class:  8.47 MB
        Both:  20.70 MB

MaxMetaspaceSize: unlimited
CompressedClassSpaceSize: 1.00 GB
Initial GC threshold: 21.00 MB
Current GC threshold: 97.44 MB
CDS: off
MetaspaceReclaimPolicy: balanced
 - commit_granule_bytes: 65536.
 - commit_granule_words: 8192.
 - virtual_space_node_default_size: 8388608.
 - enlarge_chunks_in_place: 1.
 - new_chunks_are_fully_committed: 0.
 - uncommit_free_chunks: 1.
 - use_allocation_guard: 0.
 - handle_deallocations: 1.


Internal statistics:

num_allocs_failed_limit: 6.
num_arena_births: 934.
num_arena_deaths: 436.
num_vsnodes_births: 2.
num_vsnodes_deaths: 0.
num_space_committed: 936.
num_space_uncommitted: 1.
num_chunks_returned_to_freelist: 566.
num_chunks_taken_from_freelist: 3009.
num_chunk_merges: 185.
num_chunk_splits: 1885.
num_chunks_enlarged: 1349.
num_inconsistent_stats: 0.

CodeCache: size=49152Kb used=22377Kb max_used=24067Kb free=26774Kb
 bounds [0x000001dd3b280000, 0x000001dd3ca10000, 0x000001dd3e280000]
 total_blobs=11841 nmethods=11160 adapters=602
 compilation: enabled
              stopped_count=0, restarted_count=0
 full_count=0

Compilation events (20 events):
Event: 3877.078 Thread 0x000001dd48005630 nmethod 11154 0x000001dd3c7c7390 code [0x000001dd3c7c7520, 0x000001dd3c7c7638]
Event: 3877.078 Thread 0x000001dd48005630 11155       1       org.eclipse.jdt.internal.compiler.codegen.StackMapFrameCodeStream$ExceptionMarker::hashCode (16 bytes)
Event: 3877.078 Thread 0x000001dd49a0d870 nmethod 11143 0x000001dd3c7c5910 code [0x000001dd3c7c5ca0, 0x000001dd3c7c6aa8]
Event: 3877.078 Thread 0x000001dd48005630 nmethod 11155 0x000001dd3c7c5590 code [0x000001dd3c7c5740, 0x000001dd3c7c5858]
Event: 3877.078 Thread 0x000001dd49a0d870 11156       1       org.eclipse.jdt.internal.compiler.codegen.CodeStream::registerExceptionHandler (53 bytes)
Event: 3877.078 Thread 0x000001dd49a0d350 nmethod 11153 0x000001dd3c9f8710 code [0x000001dd3c9f88c0, 0x000001dd3c9f8c08]
Event: 3877.078 Thread 0x000001dd48005630 11157       1       org.eclipse.jdt.internal.compiler.codegen.CodeStream::removeUnusedPcToSourceMapEntries (47 bytes)
Event: 3877.078 Thread 0x000001dd49a0d350 11158       1       org.eclipse.jdt.internal.compiler.codegen.StackMapFrameCodeStream::optimizeBranch (12 bytes)
Event: 3877.078 Thread 0x000001dd49a0d350 nmethod 11158 0x000001dd3c7c5110 code [0x000001dd3c7c52c0, 0x000001dd3c7c53d8]
Event: 3877.078 Thread 0x000001dd48005630 nmethod 11157 0x000001dd3c9f8d10 code [0x000001dd3c9f8ea0, 0x000001dd3c9f8fd8]
Event: 3877.078 Thread 0x000001dd49a0d350 11160       1       org.eclipse.jdt.internal.compiler.ast.ReferenceExpression::generateCode (824 bytes)
Event: 3877.078 Thread 0x000001dd48005630 11161       1       org.eclipse.jdt.internal.compiler.ast.ReferenceExpression::shouldGenerateImplicitLambda (52 bytes)
Event: 3877.078 Thread 0x000001dd49a0d870 nmethod 11156 0x000001dd3c9f9110 code [0x000001dd3c9f92c0, 0x000001dd3c9f9608]
Event: 3877.078 Thread 0x000001dd49a0d870 11162       1       org.eclipse.jdt.internal.compiler.ClassFile$1::compare (13 bytes)
Event: 3877.079 Thread 0x000001dd49a0d870 nmethod 11162 0x000001dd3c9f9790 code [0x000001dd3c9f9920, 0x000001dd3c9f9a68]
Event: 3877.079 Thread 0x000001dd49a0d870 11163       1       org.eclipse.jdt.internal.compiler.ClassFile$1::compare (74 bytes)
Event: 3877.079 Thread 0x000001dd48005630 nmethod 11161 0x000001dd3c9f9b10 code [0x000001dd3c9f9ce0, 0x000001dd3c9f9ef8]
Event: 3877.079 Thread 0x000001dd49a0d870 nmethod 11163 0x000001dd3c9fa010 code [0x000001dd3c9fa200, 0x000001dd3c9fa4c8]
Event: 3877.079 Thread 0x000001dd49a0dd90 nmethod 11148 0x000001dd3c9fa690 code [0x000001dd3c9faa20, 0x000001dd3c9fc328]
Event: 3877.083 Thread 0x000001dd49a0d350 nmethod 11160 0x000001dd3c9fd090 code [0x000001dd3c9fd6e0, 0x000001dd3c9ff8d8]

GC Heap History (20 events):
Event: 3865.079 GC heap before
{Heap before GC invocations=390 (full 186):
 garbage-first heap   total 80896K, used 63947K [0x00000000c0000000, 0x0000000100000000)
  region size 1024K, 27 young (27648K), 2 survivors (2048K)
 Metaspace       used 59339K, committed 59776K, reserved 1114112K
  class space    used 7381K, committed 7552K, reserved 1048576K
}
Event: 3865.083 GC heap after
{Heap after GC invocations=391 (full 186):
 garbage-first heap   total 80896K, used 36789K [0x00000000c0000000, 0x0000000100000000)
  region size 1024K, 1 young (1024K), 1 survivors (1024K)
 Metaspace       used 59339K, committed 59776K, reserved 1114112K
  class space    used 7381K, committed 7552K, reserved 1048576K
}
Event: 3866.840 GC heap before
{Heap before GC invocations=391 (full 186):
 garbage-first heap   total 80896K, used 64437K [0x00000000c0000000, 0x0000000100000000)
  region size 1024K, 28 young (28672K), 1 survivors (1024K)
 Metaspace       used 59339K, committed 59776K, reserved 1114112K
  class space    used 7381K, committed 7552K, reserved 1048576K
}
Event: 3866.846 GC heap after
{Heap after GC invocations=392 (full 186):
 garbage-first heap   total 80896K, used 37959K [0x00000000c0000000, 0x0000000100000000)
  region size 1024K, 2 young (2048K), 2 survivors (2048K)
 Metaspace       used 59339K, committed 59776K, reserved 1114112K
  class space    used 7381K, committed 7552K, reserved 1048576K
}
Event: 3874.156 GC heap before
{Heap before GC invocations=392 (full 186):
 garbage-first heap   total 80896K, used 64583K [0x00000000c0000000, 0x0000000100000000)
  region size 1024K, 28 young (28672K), 2 survivors (2048K)
 Metaspace       used 59352K, committed 59776K, reserved 1114112K
  class space    used 7383K, committed 7552K, reserved 1048576K
}
Event: 3874.158 GC heap after
{Heap after GC invocations=393 (full 186):
 garbage-first heap   total 80896K, used 38021K [0x00000000c0000000, 0x0000000100000000)
  region size 1024K, 2 young (2048K), 2 survivors (2048K)
 Metaspace       used 59352K, committed 59776K, reserved 1114112K
  class space    used 7383K, committed 7552K, reserved 1048576K
}
Event: 3876.359 GC heap before
{Heap before GC invocations=393 (full 186):
 garbage-first heap   total 80896K, used 64645K [0x00000000c0000000, 0x0000000100000000)
  region size 1024K, 28 young (28672K), 2 survivors (2048K)
 Metaspace       used 59367K, committed 59840K, reserved 1114112K
  class space    used 7387K, committed 7552K, reserved 1048576K
}
Event: 3876.361 GC heap after
{Heap after GC invocations=394 (full 186):
 garbage-first heap   total 80896K, used 38797K [0x00000000c0000000, 0x0000000100000000)
  region size 1024K, 3 young (3072K), 3 survivors (3072K)
 Metaspace       used 59367K, committed 59840K, reserved 1114112K
  class space    used 7387K, committed 7552K, reserved 1048576K
}
Event: 3879.835 GC heap before
{Heap before GC invocations=394 (full 186):
 garbage-first heap   total 80896K, used 62349K [0x00000000c0000000, 0x0000000100000000)
  region size 1024K, 27 young (27648K), 3 survivors (3072K)
 Metaspace       used 59372K, committed 59840K, reserved 1114112K
  class space    used 7388K, committed 7552K, reserved 1048576K
}
Event: 3879.838 GC heap after
{Heap after GC invocations=395 (full 186):
 garbage-first heap   total 80896K, used 38126K [0x00000000c0000000, 0x0000000100000000)
  region size 1024K, 2 young (2048K), 2 survivors (2048K)
 Metaspace       used 59372K, committed 59840K, reserved 1114112K
  class space    used 7388K, committed 7552K, reserved 1048576K
}
Event: 3882.101 GC heap before
{Heap before GC invocations=395 (full 186):
 garbage-first heap   total 80896K, used 63726K [0x00000000c0000000, 0x0000000100000000)
  region size 1024K, 27 young (27648K), 2 survivors (2048K)
 Metaspace       used 59372K, committed 59840K, reserved 1114112K
  class space    used 7388K, committed 7552K, reserved 1048576K
}
Event: 3882.102 GC heap after
{Heap after GC invocations=396 (full 186):
 garbage-first heap   total 80896K, used 36713K [0x00000000c0000000, 0x0000000100000000)
  region size 1024K, 1 young (1024K), 1 survivors (1024K)
 Metaspace       used 59372K, committed 59840K, reserved 1114112K
  class space    used 7388K, committed 7552K, reserved 1048576K
}
Event: 3883.672 GC heap before
{Heap before GC invocations=396 (full 186):
 garbage-first heap   total 80896K, used 64361K [0x00000000c0000000, 0x0000000100000000)
  region size 1024K, 28 young (28672K), 1 survivors (1024K)
 Metaspace       used 59372K, committed 59840K, reserved 1114112K
  class space    used 7388K, committed 7552K, reserved 1048576K
}
Event: 3883.677 GC heap after
{Heap after GC invocations=397 (full 186):
 garbage-first heap   total 80896K, used 39446K [0x00000000c0000000, 0x0000000100000000)
  region size 1024K, 4 young (4096K), 4 survivors (4096K)
 Metaspace       used 59372K, committed 59840K, reserved 1114112K
  class space    used 7388K, committed 7552K, reserved 1048576K
}
Event: 3926.938 GC heap before
{Heap before GC invocations=397 (full 186):
 garbage-first heap   total 80896K, used 54806K [0x00000000c0000000, 0x0000000100000000)
  region size 1024K, 20 young (20480K), 4 survivors (4096K)
 Metaspace       used 59372K, committed 59840K, reserved 1114112K
  class space    used 7388K, committed 7552K, reserved 1048576K
}
Event: 3926.971 GC heap after
{Heap after GC invocations=398 (full 187):
 garbage-first heap   total 80896K, used 34712K [0x00000000c0000000, 0x0000000100000000)
  region size 1024K, 0 young (0K), 0 survivors (0K)
 Metaspace       used 59366K, committed 59840K, reserved 1114112K
  class space    used 7386K, committed 7552K, reserved 1048576K
}
Event: 3937.101 GC heap before
{Heap before GC invocations=398 (full 187):
 garbage-first heap   total 80896K, used 34712K [0x00000000c0000000, 0x0000000100000000)
  region size 1024K, 1 young (1024K), 0 survivors (0K)
 Metaspace       used 59366K, committed 59840K, reserved 1114112K
  class space    used 7386K, committed 7552K, reserved 1048576K
}
Event: 3937.155 GC heap after
{Heap after GC invocations=399 (full 188):
 garbage-first heap   total 80896K, used 34573K [0x00000000c0000000, 0x0000000100000000)
  region size 1024K, 0 young (0K), 0 survivors (0K)
 Metaspace       used 59354K, committed 59840K, reserved 1114112K
  class space    used 7383K, committed 7552K, reserved 1048576K
}
Event: 3947.277 GC heap before
{Heap before GC invocations=399 (full 188):
 garbage-first heap   total 80896K, used 34573K [0x00000000c0000000, 0x0000000100000000)
  region size 1024K, 1 young (1024K), 0 survivors (0K)
 Metaspace       used 59354K, committed 59840K, reserved 1114112K
  class space    used 7383K, committed 7552K, reserved 1048576K
}
Event: 3947.332 GC heap after
{Heap after GC invocations=400 (full 189):
 garbage-first heap   total 80896K, used 34151K [0x00000000c0000000, 0x0000000100000000)
  region size 1024K, 0 young (0K), 0 survivors (0K)
 Metaspace       used 59312K, committed 59840K, reserved 1114112K
  class space    used 7376K, committed 7552K, reserved 1048576K
}

Dll operation events (10 events):
Event: 0.060 Loaded shared library c:\Users\srish\.vscode\extensions\redhat.java-1.29.0-win32-x64\jre\17.0.10-win32-x86_64\bin\java.dll
Event: 2.736 Loaded shared library C:\Users\srish\.vscode\extensions\redhat.java-1.29.0-win32-x64\jre\17.0.10-win32-x86_64\bin\net.dll
Event: 2.742 Loaded shared library C:\Users\srish\.vscode\extensions\redhat.java-1.29.0-win32-x64\jre\17.0.10-win32-x86_64\bin\nio.dll
Event: 4.135 Loaded shared library C:\Users\srish\.vscode\extensions\redhat.java-1.29.0-win32-x64\jre\17.0.10-win32-x86_64\bin\zip.dll
Event: 26.439 Loaded shared library C:\Users\srish\.vscode\extensions\redhat.java-1.29.0-win32-x64\jre\17.0.10-win32-x86_64\bin\jimage.dll
Event: 28.393 Loaded shared library c:\Users\srish\.vscode\extensions\redhat.java-1.29.0-win32-x64\jre\17.0.10-win32-x86_64\bin\verify.dll
Event: 33.425 Loaded shared library C:\Users\srish\.vscode\extensions\redhat.java-1.29.0-win32-x64\jre\17.0.10-win32-x86_64\bin\management.dll
Event: 33.430 Loaded shared library C:\Users\srish\.vscode\extensions\redhat.java-1.29.0-win32-x64\jre\17.0.10-win32-x86_64\bin\management_ext.dll
Event: 35.395 Loaded shared library C:\Users\srish\.vscode\extensions\redhat.java-1.29.0-win32-x64\jre\17.0.10-win32-x86_64\bin\sunmscapi.dll
Event: 35.969 Loaded shared library C:\Users\srish\.vscode\extensions\redhat.java-1.29.0-win32-x64\jre\17.0.10-win32-x86_64\bin\extnet.dll

Deoptimization events (20 events):
Event: 465.883 Thread 0x000001dd49676380 DEOPT PACKING pc=0x000001dd3bafdb8c sp=0x000000a542afdfd0
Event: 465.883 Thread 0x000001dd49676380 DEOPT UNPACKING pc=0x000001dd3b2dace3 sp=0x000000a542afd538 mode 0
Event: 465.883 Thread 0x000001dd49676380 DEOPT PACKING pc=0x000001dd3b70934c sp=0x000000a542afe100
Event: 465.883 Thread 0x000001dd49676380 DEOPT UNPACKING pc=0x000001dd3b2dace3 sp=0x000000a542afd5e0 mode 0
Event: 465.883 Thread 0x000001dd49676380 DEOPT PACKING pc=0x000001dd3bafdb8c sp=0x000000a542afe230
Event: 465.883 Thread 0x000001dd49676380 DEOPT UNPACKING pc=0x000001dd3b2dace3 sp=0x000000a542afd798 mode 0
Event: 465.883 Thread 0x000001dd49676380 DEOPT PACKING pc=0x000001dd3b70934c sp=0x000000a542afe360
Event: 465.883 Thread 0x000001dd49676380 DEOPT UNPACKING pc=0x000001dd3b2dace3 sp=0x000000a542afd858 mode 0
Event: 465.885 Thread 0x000001dd49676380 DEOPT PACKING pc=0x000001dd3bafdb8c sp=0x000000a542afe6d0
Event: 465.885 Thread 0x000001dd49676380 DEOPT UNPACKING pc=0x000001dd3b2dace3 sp=0x000000a542afdc38 mode 0
Event: 465.885 Thread 0x000001dd49676380 DEOPT PACKING pc=0x000001dd3b70934c sp=0x000000a542afe800
Event: 465.885 Thread 0x000001dd49676380 DEOPT UNPACKING pc=0x000001dd3b2dace3 sp=0x000000a542afdcf8 mode 0
Event: 472.534 Thread 0x000001dd48c62620 DEOPT PACKING pc=0x000001dd3b79cdb4 sp=0x000000a5400fe4f0
Event: 472.535 Thread 0x000001dd48c62620 DEOPT UNPACKING pc=0x000001dd3b2dace3 sp=0x000000a5400fda40 mode 0
Event: 638.161 Thread 0x000001dd48c62620 DEOPT PACKING pc=0x000001dd3be2f6bc sp=0x000000a5400fea80
Event: 638.161 Thread 0x000001dd48c62620 DEOPT UNPACKING pc=0x000001dd3b2dace3 sp=0x000000a5400fe000 mode 0
Event: 1105.774 Thread 0x000001dd48c63a60 DEOPT PACKING pc=0x000001dd3b6fc226 sp=0x000000a5400fe590
Event: 1105.774 Thread 0x000001dd48c63a60 DEOPT UNPACKING pc=0x000001dd3b2dace3 sp=0x000000a5400fdb18 mode 0
Event: 1115.357 Thread 0x000001dd48c63a60 DEOPT PACKING pc=0x000001dd3c19c5b4 sp=0x000000a5400fe460
Event: 1115.357 Thread 0x000001dd48c63a60 DEOPT UNPACKING pc=0x000001dd3b2dace3 sp=0x000000a5400fd998 mode 0

Classes unloaded (20 events):
Event: 3937.120 Thread 0x000001dd43c09a10 Unloading class 0x000000010078d800 'java/lang/invoke/LambdaForm$MH+0x000000010078d800'
Event: 3937.120 Thread 0x000001dd43c09a10 Unloading class 0x000000010078d400 'java/lang/invoke/LambdaForm$MH+0x000000010078d400'
Event: 3937.120 Thread 0x000001dd43c09a10 Unloading class 0x000000010078d000 'java/lang/invoke/LambdaForm$MH+0x000000010078d000'
Event: 3937.120 Thread 0x000001dd43c09a10 Unloading class 0x000000010078cc00 'java/lang/invoke/LambdaForm$MH+0x000000010078cc00'
Event: 3937.120 Thread 0x000001dd43c09a10 Unloading class 0x000000010078c800 'java/lang/invoke/LambdaForm$MH+0x000000010078c800'
Event: 3937.120 Thread 0x000001dd43c09a10 Unloading class 0x000000010078c400 'java/lang/invoke/LambdaForm$MH+0x000000010078c400'
Event: 3947.299 Thread 0x000001dd43c09a10 Unloading class 0x000000010078e400 'jdk/internal/reflect/GeneratedConstructorAccessor99'
Event: 3947.299 Thread 0x000001dd43c09a10 Unloading class 0x000000010078e000 'jdk/internal/reflect/GeneratedMethodAccessor65'
Event: 3947.299 Thread 0x000001dd43c09a10 Unloading class 0x000000010078c000 'jdk/internal/reflect/GeneratedConstructorAccessor98'
Event: 3947.299 Thread 0x000001dd43c09a10 Unloading class 0x0000000100784c00 'jdk/internal/reflect/GeneratedConstructorAccessor97'
Event: 3947.299 Thread 0x000001dd43c09a10 Unloading class 0x0000000100784800 'jdk/internal/reflect/GeneratedConstructorAccessor96'
Event: 3947.299 Thread 0x000001dd43c09a10 Unloading class 0x0000000100788c00 'jdk/internal/reflect/GeneratedConstructorAccessor95'
Event: 3947.299 Thread 0x000001dd43c09a10 Unloading class 0x000000010078b800 'jdk/internal/reflect/GeneratedConstructorAccessor94'
Event: 3947.299 Thread 0x000001dd43c09a10 Unloading class 0x000000010078b400 'jdk/internal/reflect/GeneratedMethodAccessor64'
Event: 3947.299 Thread 0x000001dd43c09a10 Unloading class 0x000000010078a800 'jdk/internal/reflect/GeneratedConstructorAccessor93'
Event: 3947.299 Thread 0x000001dd43c09a10 Unloading class 0x0000000100789c00 'jdk/internal/reflect/GeneratedMethodAccessor63'
Event: 3947.299 Thread 0x000001dd43c09a10 Unloading class 0x0000000100789000 'jdk/internal/reflect/GeneratedConstructorAccessor92'
Event: 3947.299 Thread 0x000001dd43c09a10 Unloading class 0x0000000100788400 'jdk/internal/reflect/GeneratedMethodAccessor62'
Event: 3947.299 Thread 0x000001dd43c09a10 Unloading class 0x0000000100251000 'jdk/internal/reflect/GeneratedMethodAccessor61'
Event: 3947.299 Thread 0x000001dd43c09a10 Unloading class 0x0000000100096000 'jdk/internal/reflect/GeneratedMethodAccessor60'

Classes redefined (0 events):
No events

Internal exceptions (20 events):
Event: 3877.071 Thread 0x000001dd48c63550 Exception <a 'java/lang/ClassCastException'{0x00000000c3d56588}> (0x00000000c3d56588) 
thrown [s\src\hotspot\share\runtime\sharedRuntime.cpp, line 631]
Event: 3879.832 Thread 0x000001dd48c63550 Exception <a 'java/lang/ArrayIndexOutOfBoundsException'{0x00000000c3791430}> (0x00000000c3791430) 
thrown [s\src\hotspot\share\runtime\sharedRuntime.cpp, line 631]
Event: 3879.832 Thread 0x000001dd48c63550 Exception <a 'java/lang/ArrayIndexOutOfBoundsException'{0x00000000c37b60a0}> (0x00000000c37b60a0) 
thrown [s\src\hotspot\share\runtime\sharedRuntime.cpp, line 631]
Event: 3879.832 Thread 0x000001dd48c63550 Exception <a 'java/lang/ClassCastException'{0x00000000c37e8920}> (0x00000000c37e8920) 
thrown [s\src\hotspot\share\runtime\sharedRuntime.cpp, line 631]
Event: 3880.406 Thread 0x000001dd48c63550 Exception <a 'java/lang/ArrayIndexOutOfBoundsException'{0x00000000c481d6f8}> (0x00000000c481d6f8) 
thrown [s\src\hotspot\share\runtime\sharedRuntime.cpp, line 631]
Event: 3880.407 Thread 0x000001dd48c63550 Exception <a 'java/lang/ArrayIndexOutOfBoundsException'{0x00000000c48425d0}> (0x00000000c48425d0) 
thrown [s\src\hotspot\share\runtime\sharedRuntime.cpp, line 631]
Event: 3880.408 Thread 0x000001dd48c63550 Exception <a 'java/lang/ClassCastException'{0x00000000c4874e30}> (0x00000000c4874e30) 
thrown [s\src\hotspot\share\runtime\sharedRuntime.cpp, line 631]
Event: 3881.305 Thread 0x000001dd49676380 Exception <a 'java/lang/ArrayIndexOutOfBoundsException'{0x00000000c3b3d808}> (0x00000000c3b3d808) 
thrown [s\src\hotspot\share\runtime\sharedRuntime.cpp, line 631]
Event: 3881.306 Thread 0x000001dd49676380 Exception <a 'java/lang/ArrayIndexOutOfBoundsException'{0x00000000c3b62410}> (0x00000000c3b62410) 
thrown [s\src\hotspot\share\runtime\sharedRuntime.cpp, line 631]
Event: 3882.131 Thread 0x000001dd48c63550 Exception <a 'java/lang/ArrayIndexOutOfBoundsException'{0x00000000c4793fb8}> (0x00000000c4793fb8) 
thrown [s\src\hotspot\share\runtime\sharedRuntime.cpp, line 631]
Event: 3882.131 Thread 0x000001dd48c63550 Exception <a 'java/lang/ArrayIndexOutOfBoundsException'{0x00000000c47b8ba0}> (0x00000000c47b8ba0) 
thrown [s\src\hotspot\share\runtime\sharedRuntime.cpp, line 631]
Event: 3882.132 Thread 0x000001dd48c63550 Exception <a 'java/lang/ClassCastException'{0x00000000c47eb428}> (0x00000000c47eb428) 
thrown [s\src\hotspot\share\runtime\sharedRuntime.cpp, line 631]
Event: 3882.679 Thread 0x000001dd48c63550 Exception <a 'java/lang/ArrayIndexOutOfBoundsException'{0x00000000c40048d0}> (0x00000000c40048d0) 
thrown [s\src\hotspot\share\runtime\sharedRuntime.cpp, line 631]
Event: 3882.680 Thread 0x000001dd48c63550 Exception <a 'java/lang/ArrayIndexOutOfBoundsException'{0x00000000c40294a8}> (0x00000000c40294a8) 
thrown [s\src\hotspot\share\runtime\sharedRuntime.cpp, line 631]
Event: 3882.682 Thread 0x000001dd48c63550 Exception <a 'java/lang/ClassCastException'{0x00000000c405bd30}> (0x00000000c405bd30) 
thrown [s\src\hotspot\share\runtime\sharedRuntime.cpp, line 631]
Event: 3883.653 Thread 0x000001dd49676380 Exception <a 'java/lang/ArrayIndexOutOfBoundsException'{0x00000000c333dda8}> (0x00000000c333dda8) 
thrown [s\src\hotspot\share\runtime\sharedRuntime.cpp, line 631]
Event: 3883.654 Thread 0x000001dd49676380 Exception <a 'java/lang/ArrayIndexOutOfBoundsException'{0x00000000c3362990}> (0x00000000c3362990) 
thrown [s\src\hotspot\share\runtime\sharedRuntime.cpp, line 631]
Event: 3884.972 Thread 0x000001dd48c63550 Exception <a 'java/lang/ArrayIndexOutOfBoundsException'{0x00000000c4001af8}> (0x00000000c4001af8) 
thrown [s\src\hotspot\share\runtime\sharedRuntime.cpp, line 631]
Event: 3884.973 Thread 0x000001dd48c63550 Exception <a 'java/lang/ArrayIndexOutOfBoundsException'{0x00000000c40266d0}> (0x00000000c40266d0) 
thrown [s\src\hotspot\share\runtime\sharedRuntime.cpp, line 631]
Event: 3884.976 Thread 0x000001dd48c63550 Exception <a 'java/lang/ClassCastException'{0x00000000c4058f48}> (0x00000000c4058f48) 
thrown [s\src\hotspot\share\runtime\sharedRuntime.cpp, line 631]

VM Operations (20 events):
Event: 3877.367 Executing VM operation: Cleanup done
Event: 3879.835 Executing VM operation: G1CollectForAllocation
Event: 3879.838 Executing VM operation: G1CollectForAllocation done
Event: 3881.851 Executing VM operation: Cleanup
Event: 3881.851 Executing VM operation: Cleanup done
Event: 3882.100 Executing VM operation: G1CollectForAllocation
Event: 3882.102 Executing VM operation: G1CollectForAllocation done
Event: 3883.105 Executing VM operation: Cleanup
Event: 3883.105 Executing VM operation: Cleanup done
Event: 3883.672 Executing VM operation: G1CollectForAllocation
Event: 3883.677 Executing VM operation: G1CollectForAllocation done
Event: 3909.092 Executing VM operation: HandshakeAllThreads
Event: 3909.092 Executing VM operation: HandshakeAllThreads done
Event: 3926.937 Executing VM operation: G1CollectFull
Event: 3926.971 Executing VM operation: G1CollectFull done
Event: 3937.100 Executing VM operation: G1CollectFull
Event: 3937.155 Executing VM operation: G1CollectFull done
Event: 3947.277 Executing VM operation: G1CollectFull
Event: 3947.332 Executing VM operation: G1CollectFull done
Event: 3957.731 Executing VM operation: G1CollectFull

Events (20 events):
Event: 3827.273 Thread 0x000001dd48c62b30 Thread added: 0x000001dd48c62b30
Event: 3833.242 Thread 0x000001dd48c63040 Thread added: 0x000001dd48c63040
Event: 3836.059 Thread 0x000001dd48c63550 Thread added: 0x000001dd48c63550
Event: 3837.913 Thread 0x000001dd48c64ea0 Thread added: 0x000001dd48c64ea0
Event: 3857.682 Thread 0x000001dd49a08370 Thread added: 0x000001dd49a08370
Event: 3859.556 Thread 0x000001dd49a08370 Thread exited: 0x000001dd49a08370
Event: 3877.075 Thread 0x000001dd49a0d350 Thread added: 0x000001dd49a0d350
Event: 3877.075 Thread 0x000001dd49a0d870 Thread added: 0x000001dd49a0d870
Event: 3877.075 Thread 0x000001dd49a0dd90 Thread added: 0x000001dd49a0dd90
Event: 3882.086 Thread 0x000001dd49a0dd90 Thread exited: 0x000001dd49a0dd90
Event: 3882.086 Thread 0x000001dd49a0d350 Thread exited: 0x000001dd49a0d350
Event: 3882.086 Thread 0x000001dd49a0d870 Thread exited: 0x000001dd49a0d870
Event: 3924.208 Thread 0x000001dd48c64ea0 Thread exited: 0x000001dd48c64ea0
Event: 3924.208 Thread 0x000001dd48c65dd0 Thread exited: 0x000001dd48c65dd0
Event: 3925.545 Thread 0x000001dd48c662e0 Thread exited: 0x000001dd48c662e0
Event: 3929.927 Thread 0x000001dd48c63040 Thread exited: 0x000001dd48c63040
Event: 3944.540 Thread 0x000001dd48c611e0 Thread exited: 0x000001dd48c611e0
Event: 3944.880 Thread 0x000001dd48c62620 Thread exited: 0x000001dd48c62620
Event: 3945.006 Thread 0x000001dd48c63550 Thread exited: 0x000001dd48c63550
Event: 3946.960 Thread 0x000001dd48c62b30 Thread exited: 0x000001dd48c62b30


Dynamic libraries:
0x00007ff708ab0000 - 0x00007ff708abe000 	c:\Users\srish\.vscode\extensions\redhat.java-1.29.0-win32-x64\jre\17.0.10-win32-x86_64\bin\java.exe
0x00007fff52c70000 - 0x00007fff52e86000 	C:\WINDOWS\SYSTEM32\ntdll.dll
0x00007fff519b0000 - 0x00007fff51a74000 	C:\WINDOWS\System32\KERNEL32.DLL
0x00007fff50460000 - 0x00007fff50807000 	C:\WINDOWS\System32\KERNELBASE.dll
0x00007fff50810000 - 0x00007fff50921000 	C:\WINDOWS\System32\ucrtbase.dll
0x00007fff45cd0000 - 0x00007fff45ce7000 	c:\Users\srish\.vscode\extensions\redhat.java-1.29.0-win32-x64\jre\17.0.10-win32-x86_64\bin\jli.dll
0x00007fff51a80000 - 0x00007fff51c2e000 	C:\WINDOWS\System32\USER32.dll
0x00007fff26a90000 - 0x00007fff26aab000 	c:\Users\srish\.vscode\extensions\redhat.java-1.29.0-win32-x64\jre\17.0.10-win32-x86_64\bin\VCRUNTIME140.dll
0x00007fff39830000 - 0x00007fff39ac3000 	C:\WINDOWS\WinSxS\amd64_microsoft.windows.common-controls_6595b64144ccf1df_6.0.22621.3235_none_270f74e173860f98\COMCTL32.dll
0x00007fff50220000 - 0x00007fff50246000 	C:\WINDOWS\System32\win32u.dll
0x00007fff52910000 - 0x00007fff529b7000 	C:\WINDOWS\System32\msvcrt.dll
0x00007fff52660000 - 0x00007fff52689000 	C:\WINDOWS\System32\GDI32.dll
0x00007fff50340000 - 0x00007fff50459000 	C:\WINDOWS\System32\gdi32full.dll
0x00007fff4ff90000 - 0x00007fff5002a000 	C:\WINDOWS\System32\msvcp_win.dll
0x00007fff52620000 - 0x00007fff52651000 	C:\WINDOWS\System32\IMM32.DLL
0x00007fff37dc0000 - 0x00007fff37dcc000 	c:\Users\srish\.vscode\extensions\redhat.java-1.29.0-win32-x64\jre\17.0.10-win32-x86_64\bin\vcruntime140_1.dll
0x00007fff07120000 - 0x00007fff071ad000 	c:\Users\srish\.vscode\extensions\redhat.java-1.29.0-win32-x64\jre\17.0.10-win32-x86_64\bin\msvcp140.dll
0x00007ffe97ca0000 - 0x00007ffe98902000 	c:\Users\srish\.vscode\extensions\redhat.java-1.29.0-win32-x64\jre\17.0.10-win32-x86_64\bin\server\jvm.dll
0x00007fff50ed0000 - 0x00007fff50f82000 	C:\WINDOWS\System32\ADVAPI32.dll
0x00007fff52b80000 - 0x00007fff52c28000 	C:\WINDOWS\System32\sechost.dll
0x00007fff50310000 - 0x00007fff50338000 	C:\WINDOWS\System32\bcrypt.dll
0x00007fff50a20000 - 0x00007fff50b35000 	C:\WINDOWS\System32\RPCRT4.dll
0x00007fff4fe60000 - 0x00007fff4fead000 	C:\WINDOWS\SYSTEM32\POWRPROF.dll
0x00007fff1cdc0000 - 0x00007fff1cdc9000 	C:\WINDOWS\SYSTEM32\WSOCK32.dll
0x00007fff509a0000 - 0x00007fff50a11000 	C:\WINDOWS\System32\WS2_32.dll
0x00007fff444d0000 - 0x00007fff44504000 	C:\WINDOWS\SYSTEM32\WINMM.dll
0x00007fff3bbf0000 - 0x00007fff3bbfa000 	C:\WINDOWS\SYSTEM32\VERSION.dll
0x00007fff4fe40000 - 0x00007fff4fe53000 	C:\WINDOWS\SYSTEM32\UMPDC.dll
0x00007fff4efd0000 - 0x00007fff4efe8000 	C:\WINDOWS\SYSTEM32\kernel.appcore.dll
0x00007fff36650000 - 0x00007fff3665a000 	c:\Users\srish\.vscode\extensions\redhat.java-1.29.0-win32-x64\jre\17.0.10-win32-x86_64\bin\jimage.dll
0x00007fff4a870000 - 0x00007fff4aaa3000 	C:\WINDOWS\SYSTEM32\DBGHELP.DLL
0x00007fff51020000 - 0x00007fff513a8000 	C:\WINDOWS\System32\combase.dll
0x00007fff50c40000 - 0x00007fff50d17000 	C:\WINDOWS\System32\OLEAUT32.dll
0x00007fff33360000 - 0x00007fff33392000 	C:\WINDOWS\SYSTEM32\dbgcore.DLL
0x00007fff501a0000 - 0x00007fff50219000 	C:\WINDOWS\System32\bcryptPrimitives.dll
0x00007fff096f0000 - 0x00007fff09715000 	c:\Users\srish\.vscode\extensions\redhat.java-1.29.0-win32-x64\jre\17.0.10-win32-x86_64\bin\java.dll
0x00007fff096d0000 - 0x00007fff096e8000 	c:\Users\srish\.vscode\extensions\redhat.java-1.29.0-win32-x64\jre\17.0.10-win32-x86_64\bin\zip.dll
0x00007fff51c30000 - 0x00007fff5248c000 	C:\WINDOWS\System32\SHELL32.dll
0x00007fff4def0000 - 0x00007fff4e7e9000 	C:\WINDOWS\SYSTEM32\windows.storage.dll
0x00007fff4ddb0000 - 0x00007fff4deee000 	C:\WINDOWS\SYSTEM32\wintypes.dll
0x00007fff524b0000 - 0x00007fff525a3000 	C:\WINDOWS\System32\SHCORE.dll
0x00007fff51950000 - 0x00007fff519ae000 	C:\WINDOWS\System32\shlwapi.dll
0x00007fff4fec0000 - 0x00007fff4fee1000 	C:\WINDOWS\SYSTEM32\profapi.dll
0x00007fff096b0000 - 0x00007fff096c9000 	C:\Users\srish\.vscode\extensions\redhat.java-1.29.0-win32-x64\jre\17.0.10-win32-x86_64\bin\net.dll
0x00007fff499e0000 - 0x00007fff49b16000 	C:\WINDOWS\SYSTEM32\WINHTTP.dll
0x00007fff4f440000 - 0x00007fff4f4a9000 	C:\WINDOWS\system32\mswsock.dll
0x00007fff088d0000 - 0x00007fff088e6000 	C:\Users\srish\.vscode\extensions\redhat.java-1.29.0-win32-x64\jre\17.0.10-win32-x86_64\bin\nio.dll
0x00007fff1b0b0000 - 0x00007fff1b0c0000 	c:\Users\srish\.vscode\extensions\redhat.java-1.29.0-win32-x64\jre\17.0.10-win32-x86_64\bin\verify.dll
0x00007fff4f6a0000 - 0x00007fff4f6bb000 	C:\WINDOWS\SYSTEM32\CRYPTSP.dll
0x00007fff4ef30000 - 0x00007fff4ef65000 	C:\WINDOWS\system32\rsaenh.dll
0x00007fff4f540000 - 0x00007fff4f568000 	C:\WINDOWS\SYSTEM32\USERENV.dll
0x00007fff4f6c0000 - 0x00007fff4f6cc000 	C:\WINDOWS\SYSTEM32\CRYPTBASE.dll
0x00007fff4ea50000 - 0x00007fff4ea7d000 	C:\WINDOWS\SYSTEM32\IPHLPAPI.DLL
0x00007fff513c0000 - 0x00007fff513c9000 	C:\WINDOWS\System32\NSI.dll
0x00007fff444b0000 - 0x00007fff444c9000 	C:\WINDOWS\SYSTEM32\dhcpcsvc6.DLL
0x00007fff44490000 - 0x00007fff444af000 	C:\WINDOWS\SYSTEM32\dhcpcsvc.DLL
0x00007fff4eac0000 - 0x00007fff4ebb9000 	C:\WINDOWS\SYSTEM32\DNSAPI.dll
0x00007fff36190000 - 0x00007fff36199000 	C:\Users\srish\.vscode\extensions\redhat.java-1.29.0-win32-x64\jre\17.0.10-win32-x86_64\bin\management.dll
0x00007fff36180000 - 0x00007fff3618b000 	C:\Users\srish\.vscode\extensions\redhat.java-1.29.0-win32-x64\jre\17.0.10-win32-x86_64\bin\management_ext.dll
0x00007fff514c0000 - 0x00007fff514c8000 	C:\WINDOWS\System32\PSAPI.DLL
0x00007fff47dd0000 - 0x00007fff47dde000 	C:\Users\srish\.vscode\extensions\redhat.java-1.29.0-win32-x64\jre\17.0.10-win32-x86_64\bin\sunmscapi.dll
0x00007fff50030000 - 0x00007fff50197000 	C:\WINDOWS\System32\CRYPT32.dll
0x00007fff4f840000 - 0x00007fff4f86e000 	C:\WINDOWS\SYSTEM32\ncrypt.dll
0x00007fff4f800000 - 0x00007fff4f837000 	C:\WINDOWS\SYSTEM32\NTASN1.dll
0x00007fff3bb90000 - 0x00007fff3bb9a000 	C:\Windows\System32\rasadhlp.dll
0x00007fff41160000 - 0x00007fff411e3000 	C:\WINDOWS\System32\fwpuclnt.dll
0x00007fff26b40000 - 0x00007fff26b49000 	C:\Users\srish\.vscode\extensions\redhat.java-1.29.0-win32-x64\jre\17.0.10-win32-x86_64\bin\extnet.dll

dbghelp: loaded successfully - version: 4.0.5 - missing functions: none
symbol engine: initialized successfully - sym options: 0x614 - pdb path: .;c:\Users\srish\.vscode\extensions\redhat.java-1.29.0-win32-x64\jre\17.0.10-win32-x86_64\bin;C:\WINDOWS\SYSTEM32;C:\WINDOWS\WinSxS\amd64_microsoft.windows.common-controls_6595b64144ccf1df_6.0.22621.3235_none_270f74e173860f98;c:\Users\srish\.vscode\extensions\redhat.java-1.29.0-win32-x64\jre\17.0.10-win32-x86_64\bin\server

VM Arguments:
jvm_args: -XX:+HeapDumpOnOutOfMemoryError -Xmx1024m -Dsts.lsp.client=vscode -Dsts.log.file=/dev/null -XX:TieredStopAtLevel=1 -Xlog:jni+resolve=off -Dspring.config.location=file:c:\Users\srish\.vscode\extensions\vmware.vscode-spring-boot-1.53.0\language-server\BOOT-INF\classes\application.properties 
java_command: org.springframework.ide.vscode.boot.app.BootLanguageServerBootApp
java_class_path (initial): c:\Users\srish\.vscode\extensions\vmware.vscode-spring-boot-1.53.0\language-server\BOOT-INF\classes;c:\Users\srish\.vscode\extensions\vmware.vscode-spring-boot-1.53.0\language-server\BOOT-INF\lib\annotations-24.1.0.jar;c:\Users\srish\.vscode\extensions\vmware.vscode-spring-boot-1.53.0\language-server\BOOT-INF\lib\antlr4-runtime-4.11.1.jar;c:\Users\srish\.vscode\extensions\vmware.vscode-spring-boot-1.53.0\language-server\BOOT-INF\lib\asm-9.6.jar;c:\Users\srish\.vscode\extensions\vmware.vscode-spring-boot-1.53.0\language-server\BOOT-INF\lib\asm-analysis-9.6.jar;c:\Users\srish\.vscode\extensions\vmware.vscode-spring-boot-1.53.0\language-server\BOOT-INF\lib\asm-tree-9.6.jar;c:\Users\srish\.vscode\extensions\vmware.vscode-spring-boot-1.53.0\language-server\BOOT-INF\lib\asm-util-9.6.jar;c:\Users\srish\.vscode\extensions\vmware.vscode-spring-boot-1.53.0\language-server\BOOT-INF\lib\caffeine-3.1.8.jar;c:\Users\srish\.vscode\extensions\vmware.vscode-spring-boot-1.53.0\language-server\BOOT-INF\lib\checker-qual-3.12.0.jar;c:\Users\srish\.vscode\extensions\vmware.vscode-spring-boot-1.53.0\language-server\BOOT-INF\lib\classgraph-4.8.149.jar;c:\Users\srish\.vscode\extensions\vmware.vscode-spring-boot-1.53.0\language-server\BOOT-INF\lib\commons-codec-1.16.1.jar;c:\Users\srish\.vscode\extensions\vmware.vscode-spring-boot-1.53.0\language-server\BOOT-INF\lib\commons-compress-1.26.0.jar;c:\Users\srish\.vscode\extensions\vmware.vscode-spring-boot-1.53.0\language-server\BOOT-INF\lib\commons-io-2.4.jar;c:\Users\srish\.vscode\extensions\vmware.vscode-spring-boot-1.53.0\language-server\BOOT-INF\lib\commons-java-1.53.0-SNAPSHOT.jar;c:\Users\srish\.vscode\extensions\vmware.vscode-spring-boot-1.53.0\language-server\BOOT-INF\lib\commons-lang3-3.13.0.jar;c:\Users\srish\.vscode\extensions\vmware.vscode-spring-boot-1.53.0\language-server\BOOT-INF\lib\commons-language-server-1.53.0-SNAPSHOT.jar;c:\Users\srish\.vscode\extensions\vmware.vscode-spring-boot-1.53.0\language
Launcher Type: SUN_STANDARD

[Global flags]
     intx CICompilerCount                          = 4                                         {product} {ergonomic}
     uint ConcGCThreads                            = 2                                         {product} {ergonomic}
     uint G1ConcRefinementThreads                  = 8                                         {product} {ergonomic}
   size_t G1HeapRegionSize                         = 1048576                                   {product} {ergonomic}
    uintx GCDrainStackTargetSize                   = 64                                        {product} {ergonomic}
     bool HeapDumpOnOutOfMemoryError               = true                                   {manageable} {command line}
   size_t InitialHeapSize                          = 132120576                                 {product} {ergonomic}
   size_t MarkStackSize                            = 4194304                                   {product} {ergonomic}
   size_t MaxHeapSize                              = 1073741824                                {product} {command line}
   size_t MaxNewSize                               = 643825664                                 {product} {ergonomic}
   size_t MinHeapDeltaBytes                        = 1048576                                   {product} {ergonomic}
   size_t MinHeapSize                              = 8388608                                   {product} {ergonomic}
    uintx NonProfiledCodeHeapSize                  = 0                                      {pd product} {ergonomic}
     bool ProfileInterpreter                       = false                                  {pd product} {command line}
    uintx ProfiledCodeHeapSize                     = 0                                      {pd product} {ergonomic}
   size_t SoftMaxHeapSize                          = 1073741824                             {manageable} {ergonomic}
     intx TieredStopAtLevel                        = 1                                         {product} {command line}
     bool UseCompressedClassPointers               = true                           {product lp64_product} {ergonomic}
     bool UseCompressedOops                        = true                           {product lp64_product} {ergonomic}
     bool UseG1GC                                  = true                                      {product} {ergonomic}
     bool UseLargePagesIndividualAllocation        = false                                  {pd product} {ergonomic}

Logging:
Log output configuration:
 #0: stdout all=warning,jni+resolve=off uptime,level,tags
 #1: stderr all=off uptime,level,tags

Environment Variables:
JAVA_HOME=C:\Program Files\Amazon Corretto\jdk17.0.10_7
PATH=C:\Program Files\Amazon Corretto\jdk17.0.10_7\bin;C:\Program Files\Common Files\Oracle\Java\javapath;C:\WINDOWS\system32;C:\WINDOWS;C:\WINDOWS\System32\Wbem;C:\WINDOWS\System32\WindowsPowerShell\v1.0\;C:\WINDOWS\System32\OpenSSH\;C:\Program Files\Microsoft SQL Server\150\Tools\Binn\;C:\Program Files\Microsoft SQL Server\Client SDK\ODBC\170\Tools\Binn\;C:\Program Files\dotnet\;C:\Program Files\Git\cmd;C:\Program Files\nodejs\;C:\Program Files\MongoDB\Server\7.0\bin;C:\mongosh-2.0.2-win32-x64\bin;C:\Program Files\apache-maven-3.9.6-bin\apache-maven-3.9.6\bin;C:\Users\srish\AppData\Local\Microsoft\WindowsApps;C:\Users\srish\.dotnet\tools;C:\Users\srish\AppData\Local\Programs\Microsoft VS Code\bin;C:\Users\srish\AppData\Roaming\npm;C:\ProgramData\srish\GitHubDesktop\bin
USERNAME=srish
OS=Windows_NT
PROCESSOR_IDENTIFIER=Intel64 Family 6 Model 126 Stepping 5, GenuineIntel
TMP=C:\Users\srish\AppData\Local\Temp
TEMP=C:\Users\srish\AppData\Local\Temp



Periodic native trim disabled


---------------  S Y S T E M  ---------------

OS:
 Windows 11 , 64 bit Build 22621 (10.0.22621.3374)
OS uptime: 0 days 12:31 hours

CPU: total 8 (initial active 8) (4 cores per cpu, 2 threads per core) family 6 model 126 stepping 5 microcode 0xa6, cx8, cmov, fxsr, ht, mmx, 3dnowpref, sse, sse2, sse3, ssse3, sse4.1, sse4.2, popcnt, lzcnt, tsc, tscinvbit, avx, avx2, aes, erms, clmul, bmi1, bmi2, adx, avx512f, avx512dq, avx512cd, avx512bw, avx512vl, sha, fma, vzeroupper, avx512_vpopcntdq, avx512_vpclmulqdq, avx512_vaes, avx512_vnni, clflush, clflushopt, avx512_vbmi2, avx512_vbmi
Processor Information for all 8 processors :
  Max Mhz: 1190, Current Mhz: 991, Mhz Limit: 987

Memory: 4k page, system-wide physical 7946M (860M free)
TotalPageFile size 11937M (AvailPageFile size 10M)
current process WorkingSet (physical memory assigned to process): 184M, peak: 225M
current process commit charge ("private bytes"): 263M, peak: 275M

vm_info: OpenJDK 64-Bit Server VM (17.0.10+7) for windows-amd64 JRE (17.0.10+7), built on Jan 16 2024 23:25:11 by "admin" with MS VC++ 16.10 / 16.11 (VS2019)

END.
