#
# There is insufficient memory for the Java Runtime Environment to continue.
# Native memory allocation (mmap) failed to map 65536 bytes for Failed to commit metaspace.
# Possible reasons:
#   The system is out of physical RAM or swap space
#   The process is running with CompressedOops enabled, and the Java Heap may be blocking the growth of the native heap
# Possible solutions:
#   Reduce memory load on the system
#   Increase physical memory or swap space
#   Check if swap backing store is full
#   Decrease Java heap size (-Xmx/-Xms)
#   Decrease number of Java threads
#   Decrease Java thread stack sizes (-Xss)
#   Set larger code cache with -XX:ReservedCodeCacheSize=
#   JVM is running with Unscaled Compressed Oops mode in which the Java heap is
#     placed in the first 4GB address space. The Java Heap base address is the
#     maximum limit for the native heap growth. Please use -XX:HeapBaseMinAddress
#     to set the Java Heap base and to place the Java Heap above 4GB virtual address.
# This output file may be truncated or incomplete.
#
#  Out of Memory Error (virtualSpaceNode.cpp:110), pid=11860, tid=13568
#
# JRE version: OpenJDK Runtime Environment Temurin-17.0.10+7 (17.0.10+7) (build 17.0.10+7)
# Java VM: OpenJDK 64-Bit Server VM Temurin-17.0.10+7 (17.0.10+7, mixed mode, tiered, compressed oops, compressed class ptrs, parallel gc, windows-amd64)
# No core dump will be written. Minidumps are not enabled by default on client versions of Windows
#

---------------  S U M M A R Y ------------

Command Line: --add-modules=ALL-SYSTEM --add-opens=java.base/java.util=ALL-UNNAMED --add-opens=java.base/java.lang=ALL-UNNAMED --add-opens=java.base/sun.nio.fs=ALL-UNNAMED -Declipse.application=org.eclipse.jdt.ls.core.id1 -Dosgi.bundles.defaultStartLevel=4 -Declipse.product=org.eclipse.jdt.ls.core.product -Djava.import.generatesMetadataFilesAtProjectRoot=false -DDetectVMInstallationsJob.disabled=true -Dfile.encoding=utf8 -XX:+UseParallelGC -XX:GCTimeRatio=4 -XX:AdaptiveSizePolicyWeight=90 -Dsun.zip.disableMemoryMapping=true -Xmx1G -Xms100m -Xlog:disable -javaagent:c:\Users\srish\.vscode\extensions\redhat.java-1.29.0-win32-x64\lombok\lombok-1.18.32.jar c:\Users\srish\.vscode\extensions\redhat.java-1.29.0-win32-x64\server\plugins\org.eclipse.equinox.launcher_1.6.800.v20240304-1850.jar -configuration c:\Users\srish\AppData\Roaming\Code\User\globalStorage\redhat.java\1.29.0\config_ss_win -data c:\Users\srish\AppData\Roaming\Code\User\workspaceStorage\9de046fb5f30da898615763b4ceabb60\redhat.java\ss_ws --stdio

Host: Intel(R) Core(TM) i5-1035G1 CPU @ 1.00GHz, 8 cores, 7G,  Windows 11 , 64 bit Build 22621 (10.0.22621.3374)
Time: Sun Apr 14 01:40:34 2024 Eastern Daylight Time elapsed time: 13.356756 seconds (0d 0h 0m 13s)

---------------  T H R E A D  ---------------

Current thread (0x000001e9ff432540):  JavaThread "Start Level: Equinox Container: 72564823-ddfb-416d-bdb2-404e2a95e419" daemon [_thread_in_vm, id=13568, stack(0x000000922af00000,0x000000922b000000)]

Stack: [0x000000922af00000,0x000000922b000000]
Native frames: (J=compiled Java code, j=interpreted, Vv=VM code, C=native code)
V  [jvm.dll+0x67d2c9]
V  [jvm.dll+0x834afa]
V  [jvm.dll+0x8365be]
V  [jvm.dll+0x836c23]
V  [jvm.dll+0x2477ff]
V  [jvm.dll+0x8307bb]
V  [jvm.dll+0x621d16]
V  [jvm.dll+0x621d7a]
V  [jvm.dll+0x6245aa]
V  [jvm.dll+0x6226b6]
V  [jvm.dll+0x36eaa2]
V  [jvm.dll+0x1e34bb]
V  [jvm.dll+0x5427f7]
V  [jvm.dll+0x1f2647]
V  [jvm.dll+0x7adf9b]
V  [jvm.dll+0x7af36c]
V  [jvm.dll+0x7af6b8]
V  [jvm.dll+0x23face]
V  [jvm.dll+0x385ad0]
C  0x000001e98754b438

The last pc belongs to instanceof (printed below).
Java frames: (J=compiled Java code, j=interpreted, Vv=VM code)
j  java.lang.System$LoggerFinder.accessProvider()Ljava/lang/System$LoggerFinder;+34 java.base@17.0.10
j  java.lang.System$LoggerFinder.getLoggerFinder()Ljava/lang/System$LoggerFinder;+15 java.base@17.0.10
j  jdk.internal.logger.LazyLoggers.accessLoggerFinder()Ljava/lang/System$LoggerFinder;+16 java.base@17.0.10
j  jdk.internal.logger.LazyLoggers.getLoggerFromFinder(Ljava/lang/String;Ljava/lang/Module;)Ljava/lang/System$Logger;+8 java.base@17.0.10
j  jdk.internal.logger.LazyLoggers$1.apply(Ljava/lang/String;Ljava/lang/Module;)Ljava/lang/System$Logger;+2 java.base@17.0.10
j  jdk.internal.logger.LazyLoggers$1.apply(Ljava/lang/Object;Ljava/lang/Object;)Ljava/lang/Object;+9 java.base@17.0.10
j  jdk.internal.logger.LazyLoggers$LazyLoggerAccessor.createLogger()Ljava/lang/System$Logger;+37 java.base@17.0.10
j  jdk.internal.logger.BootstrapLogger.getLogger(Ljdk/internal/logger/LazyLoggers$LazyLoggerAccessor;Ljava/util/function/BooleanSupplier;)Ljava/lang/System$Logger;+64 java.base@17.0.10
j  jdk.internal.logger.LazyLoggers$LazyLoggerAccessor.platform()Lsun/util/logging/PlatformLogger$Bridge;+62 java.base@17.0.10
j  jdk.internal.logger.LazyLoggers$LazyLoggerAccessor.release(Ljdk/internal/logger/SimpleConsoleLogger;Z)V+66 java.base@17.0.10
j  jdk.internal.logger.BootstrapLogger$RedirectedLoggers.replaceSurrogateLoggers(Ljava/util/Map;)V+85 java.base@17.0.10
j  jdk.internal.logger.BootstrapLogger.redirectTemporaryLoggers()V+9 java.base@17.0.10
j  java.util.logging.LogManager.readPrimordialConfiguration()V+23 java.logging@17.0.10
j  java.util.logging.LogManager$2.run()Ljava/lang/Object;+87 java.logging@17.0.10
J 1808 c1 java.security.AccessController.doPrivileged(Ljava/security/PrivilegedAction;)Ljava/lang/Object; java.base@17.0.10 (9 bytes) @ 0x000001e9803409bc [0x000001e980340860+0x000000000000015c]
j  java.util.logging.LogManager.ensureLogManagerInitialized()V+101 java.logging@17.0.10
j  java.util.logging.LogManager.getLogManager()Ljava/util/logging/LogManager;+9 java.logging@17.0.10
j  java.util.logging.Logger.demandLogger(Ljava/lang/String;Ljava/lang/String;Ljava/lang/Class;)Ljava/util/logging/Logger;+0 java.logging@17.0.10
j  java.util.logging.Logger.getLogger(Ljava/lang/String;Ljava/lang/Class;)Ljava/util/logging/Logger;+3 java.logging@17.0.10
j  java.util.logging.Logger.getLogger(Ljava/lang/String;)Ljava/util/logging/Logger;+4 java.logging@17.0.10
j  com.sun.jna.Native.<clinit>()V+5
v  ~StubRoutines::call_stub
j  org.eclipse.core.net.ProxyProvider.<clinit>()V+18
v  ~StubRoutines::call_stub
j  java.lang.Class.forName0(Ljava/lang/String;ZLjava/lang/ClassLoader;Ljava/lang/Class;)Ljava/lang/Class;+0 java.base@17.0.10
j  java.lang.Class.forName(Ljava/lang/String;)Ljava/lang/Class;+11 java.base@17.0.10
j  org.eclipse.core.internal.net.ProxyManager.<init>()V+63
j  org.eclipse.core.internal.net.ProxyManager.getProxyManager()Lorg/eclipse/core/net/proxy/IProxyService;+10
j  org.eclipse.core.internal.net.Activator.start(Lorg/osgi/framework/BundleContext;)V+98
j  org.eclipse.osgi.internal.framework.BundleContextImpl$2.run()Ljava/lang/Void;+23
j  org.eclipse.osgi.internal.framework.BundleContextImpl$2.run()Ljava/lang/Object;+1
J 883 c1 java.security.AccessController.executePrivileged(Ljava/security/PrivilegedExceptionAction;Ljava/security/AccessControlContext;Ljava/lang/Class;)Ljava/lang/Object; java.base@17.0.10 (65 bytes) @ 0x000001e98016f9b4 [0x000001e98016f860+0x0000000000000154]
j  java.security.AccessController.doPrivileged(Ljava/security/PrivilegedExceptionAction;)Ljava/lang/Object;+9 java.base@17.0.10
j  org.eclipse.osgi.internal.framework.BundleContextImpl.startActivator(Lorg/osgi/framework/BundleActivator;)V+9
j  org.eclipse.osgi.internal.framework.BundleContextImpl.start()V+134
j  org.eclipse.osgi.internal.framework.EquinoxBundle.startWorker0()V+35
j  org.eclipse.osgi.internal.framework.EquinoxBundle$EquinoxModule.startWorker()V+4
j  org.eclipse.osgi.container.Module.doStart([Lorg/eclipse/osgi/container/Module$StartOptions;)Lorg/eclipse/osgi/container/ModuleContainerAdaptor$ModuleEvent;+190
J 2036 c1 org.eclipse.osgi.container.Module.start([Lorg/eclipse/osgi/container/Module$StartOptions;)V (655 bytes) @ 0x000001e9803ce6d4 [0x000001e9803cc360+0x0000000000002374]
J 2214 c1 org.eclipse.osgi.framework.util.SecureAction.start(Lorg/eclipse/osgi/container/Module;[Lorg/eclipse/osgi/container/Module$StartOptions;)V (61 bytes) @ 0x000001e98041fe4c [0x000001e98041f9c0+0x000000000000048c]
J 1714 c1 org.eclipse.osgi.internal.hooks.EclipseLazyStarter.postFindLocalClass(Ljava/lang/String;Ljava/lang/Class;Lorg/eclipse/osgi/internal/loader/classpath/ClasspathManager;)V (394 bytes) @ 0x000001e980314a5c [0x000001e980313ae0+0x0000000000000f7c]
J 1835 c1 org.eclipse.osgi.internal.loader.classpath.ClasspathManager.findLocalClass(Ljava/lang/String;)Ljava/lang/Class; (210 bytes) @ 0x000001e9803547d4 [0x000001e980353820+0x0000000000000fb4]
J 1712 c1 org.eclipse.osgi.internal.loader.BundleLoader.findLocalClass(Ljava/lang/String;)Ljava/lang/Class; (152 bytes) @ 0x000001e980311aec [0x000001e9803112a0+0x000000000000084c]
J 1862 c1 org.eclipse.osgi.internal.loader.sources.SingleSourcePackage.loadClass(Ljava/lang/String;)Ljava/lang/Class; (9 bytes) @ 0x000001e980367bbc [0x000001e980367ac0+0x00000000000000fc]
J 1629 c1 org.eclipse.osgi.internal.loader.BundleLoader.findClass0(Ljava/lang/String;ZZ)Ljava/lang/Class; (470 bytes) @ 0x000001e9802de69c [0x000001e9802dc0a0+0x00000000000025fc]
J 1628 c1 org.eclipse.osgi.internal.loader.BundleLoader.findClass(Ljava/lang/String;)Ljava/lang/Class; (8 bytes) @ 0x000001e9802db79c [0x000001e9802db720+0x000000000000007c]
J 1631 c1 org.eclipse.osgi.internal.loader.ModuleClassLoader.loadClass(Ljava/lang/String;Z)Ljava/lang/Class; (36 bytes) @ 0x000001e9802e1b3c [0x000001e9802e1920+0x000000000000021c]
J 775 c1 java.lang.ClassLoader.loadClass(Ljava/lang/String;)Ljava/lang/Class; java.base@17.0.10 (7 bytes) @ 0x000001e98013afbc [0x000001e98013aec0+0x00000000000000fc]
v  ~StubRoutines::call_stub
j  org.eclipse.jdt.ls.core.internal.JavaLanguageServerPlugin.configureProxy()V+492
j  org.eclipse.jdt.ls.core.internal.JavaLanguageServerPlugin.start(Lorg/osgi/framework/BundleContext;)V+189
j  org.eclipse.osgi.internal.framework.BundleContextImpl$2.run()Ljava/lang/Void;+23
j  org.eclipse.osgi.internal.framework.BundleContextImpl$2.run()Ljava/lang/Object;+1
J 883 c1 java.security.AccessController.executePrivileged(Ljava/security/PrivilegedExceptionAction;Ljava/security/AccessControlContext;Ljava/lang/Class;)Ljava/lang/Object; java.base@17.0.10 (65 bytes) @ 0x000001e98016f9b4 [0x000001e98016f860+0x0000000000000154]
j  java.security.AccessController.doPrivileged(Ljava/security/PrivilegedExceptionAction;)Ljava/lang/Object;+9 java.base@17.0.10
j  org.eclipse.osgi.internal.framework.BundleContextImpl.startActivator(Lorg/osgi/framework/BundleActivator;)V+9
j  org.eclipse.osgi.internal.framework.BundleContextImpl.start()V+134
j  org.eclipse.osgi.internal.framework.EquinoxBundle.startWorker0()V+35
j  org.eclipse.osgi.internal.framework.EquinoxBundle$EquinoxModule.startWorker()V+4
j  org.eclipse.osgi.container.Module.doStart([Lorg/eclipse/osgi/container/Module$StartOptions;)Lorg/eclipse/osgi/container/ModuleContainerAdaptor$ModuleEvent;+190
j  org.eclipse.osgi.container.Module.start([Lorg/eclipse/osgi/container/Module$StartOptions;)V+460
j  org.eclipse.osgi.container.ModuleContainer$ContainerStartLevel$2.run()V+71
j  org.eclipse.osgi.internal.framework.EquinoxContainerAdaptor$1$1.execute(Ljava/lang/Runnable;)V+1
j  org.eclipse.osgi.container.ModuleContainer$ContainerStartLevel.incStartLevel(ILjava/util/List;Z)V+193
j  org.eclipse.osgi.container.ModuleContainer$ContainerStartLevel.incStartLevel(ILjava/util/List;Ljava/util/List;Ljava/util/List;Ljava/util/List;)V+19
j  org.eclipse.osgi.container.ModuleContainer$ContainerStartLevel.doContainerStartLevel(Lorg/eclipse/osgi/container/Module;I[Lorg/osgi/framework/FrameworkListener;)V+349
j  org.eclipse.osgi.container.ModuleContainer$ContainerStartLevel.dispatchEvent(Lorg/eclipse/osgi/container/Module;[Lorg/osgi/framework/FrameworkListener;ILjava/lang/Integer;)V+32
j  org.eclipse.osgi.container.ModuleContainer$ContainerStartLevel.dispatchEvent(Ljava/lang/Object;Ljava/lang/Object;ILjava/lang/Object;)V+15
j  org.eclipse.osgi.framework.eventmgr.EventManager.dispatchEvent(Ljava/util/Set;Lorg/eclipse/osgi/framework/eventmgr/EventDispatcher;ILjava/lang/Object;)V+48
j  org.eclipse.osgi.framework.eventmgr.EventManager$EventThread.run()V+26
v  ~StubRoutines::call_stub
instanceof  193 instanceof  [0x000001e98754b3c0, 0x000001e98754b600]  576 bytes
[MachCode]
  0x000001e98754b3c0: 5848 85c0 | 0f84 f701 | 0000 488b | 4de8 488b | 4908 488b | 4908 488b | 5108 410f | b75d 010f 
  0x000001e98754b3e0: cbc1 eb10 | 807c 1a04 | 070f 84bf | 0000 0050 | e805 0000 | 00e9 9800 | 0000 488d | 4424 084c 
  0x000001e98754b400: 896d c049 | 8bcf c5f8 | 7749 89af | a802 0000 | 4989 8798 | 0200 0048 | 83ec 20f7 | c40f 0000 
  0x000001e98754b420: 000f 841a | 0000 0048 | 83ec 0849 | baf0 5902 | 98fe 7f00 | 0041 ffd2 | 4883 c408 | e90d 0000 
  0x000001e98754b440: 0049 baf0 | 5902 98fe | 7f00 0041 | ffd2 4883 | c420 49c7 | 8798 0200 | 0000 0000 | 0049 c787 
  0x000001e98754b460: a802 0000 | 0000 0000 | 49c7 87a0 | 0200 0000 | 0000 00c5 | f877 4981 | 7f08 0000 | 0000 0f84 
  0x000001e98754b480: 0500 0000 | e977 5afe | ff4c 8b6d | c04c 8b75 | c8c3 498b | 87f8 0200 | 0049 c787 | f802 0000 
  0x000001e98754b4a0: 0000 0000 | 5a8b 5208 | 48c1 e203 | eb15 8b50 | 0848 c1e2 | 0366 8b5c | d948 488b | 4928 488b 
  0x000001e98754b4c0: 44d9 0848 | 8b4d d848 | 85c9 0f84 | 8a00 0000 | 488b 7918 | 483b fa0f | 850f 0000 | 0048 8341 
  0x000001e98754b4e0: 2001 4883 | 5920 00e9 | 6600 0000 | 4885 ff0f | 8437 0000 | 0048 8b79 | 2848 3bfa | 0f85 0f00 
  0x000001e98754b500: 0000 4883 | 4130 0148 | 8359 3000 | e941 0000 | 0048 85ff | 0f85 3800 | 0000 4889 | 5128 bf01 
  0x000001e98754b520: 0000 0048 | 8979 30e9 | 2600 0000 | 483b 5128 | 0f85 0f00 | 0000 4883 | 4130 0148 | 8359 3000 
  0x000001e98754b540: e90d 0000 | 0048 8951 | 18bf 0100 | 0000 4889 | 7920 4883 | c138 4889 | 4dd8 483b | d00f 8454 
  0x000001e98754b560: 0000 008b | 4814 483b | 040a 0f84 | 4700 0000 | 83f9 200f | 851d 0000 | 0057 488b | 7a28 8b0f 
  0x000001e98754b580: 4883 c708 | 4885 c0f2 | 48af 5f75 | 0948 8942 | 20e9 2100 | 0000 488b | 4dd8 4885 | c90f 8410 
  0x000001e98754b5a0: 0000 0048 | 8341 d0ff | 0f88 0500 | 0000 4883 | 41d0 0133 | c0eb 23b8 | 0100 0000 | e919 0000 
  0x000001e98754b5c0: 0048 8b4d | d848 85c9 | 0f84 0c00 | 0000 8049 | 0101 4883 | c138 4889 | 4dd8 410f | b65d 0349 
  0x000001e98754b5e0: 83c5 0349 | ba90 8184 | 98fe 7f00 | 0041 ff24 | da0f 1f80 | 0000 0000 | 0000 0000 | 0000 0000 
[/MachCode]

Compiled method (c1)   13535 1808       3       java.security.AccessController::doPrivileged (9 bytes)
 total in heap  [0x000001e980340690,0x000001e980340cb8] = 1576
 relocation     [0x000001e9803407e8,0x000001e980340850] = 104
 main code      [0x000001e980340860,0x000001e980340b20] = 704
 stub code      [0x000001e980340b20,0x000001e980340b78] = 88
 metadata       [0x000001e980340b78,0x000001e980340b90] = 24
 scopes data    [0x000001e980340b90,0x000001e980340c10] = 128
 scopes pcs     [0x000001e980340c10,0x000001e980340ca0] = 144
 dependencies   [0x000001e980340ca0,0x000001e980340ca8] = 8
 nul chk table  [0x000001e980340ca8,0x000001e980340cb8] = 16

[Constant Pool (empty)]

[MachCode]
[Verified Entry Point]
  # {method} {0x000001e98f0303d8} 'doPrivileged' '(Ljava/security/PrivilegedAction;)Ljava/lang/Object;' in 'java/security/AccessController'
  # parm0:    rdx:rdx   = 'java/security/PrivilegedAction'
  #           [sp+0x70]  (sp of caller)
  0x000001e980340860: 8984 2400 | 90ff ff55 | 4883 ec60 

  0x000001e98034086c: ;   {metadata(method data for {method} {0x000001e98f0303d8} 'doPrivileged' '(Ljava/security/PrivilegedAction;)Ljava/lang/Object;' in 'java/security/AccessController')}
  0x000001e98034086c: 48be 2097 | 7c8f e901 | 0000 8bbe | cc00 0000 | 83c7 0289 | becc 0000 | 0081 e7fe | 0700 0083 
  0x000001e98034088c: ff00 0f84 | c401 0000 | 4889 5424 

  0x000001e980340898: ;   {metadata(method data for {method} {0x000001e98f0303d8} 'doPrivileged' '(Ljava/security/PrivilegedAction;)Ljava/lang/Object;' in 'java/security/AccessController')}
  0x000001e980340898: 4048 be20 | 977c 8fe9 | 0100 0048 | 8386 1001 | 0000 010f 

  0x000001e9803408ac: ;   {static_call}
  0x000001e9803408ac: 1f40 00e8 

  0x000001e9803408b0: ; ImmutableOopMap {[64]=Oop }
                      ;*invokestatic getCallerClass {reexecute=0 rethrow=0 return_oop=0}
                      ; - java.security.AccessController::doPrivileged@2
  0x000001e9803408b0: 04b4 7b07 

  0x000001e9803408b4: ;   {metadata(method data for {method} {0x000001e98f0303d8} 'doPrivileged' '(Ljava/security/PrivilegedAction;)Ljava/lang/Object;' in 'java/security/AccessController')}
  0x000001e9803408b4: 48ba 2097 | 7c8f e901 | 0000 4883 | 8220 0100 

  0x000001e9803408c4: ;   {metadata(method data for {method} {0x000001e98f030ef8} 'executePrivileged' '(Ljava/security/PrivilegedAction;Ljava/security/AccessControlContext;Ljava/lang/Class;)Ljava/lang/Object;' in 'java/security/AccessController')}
  0x000001e9803408c4: 0001 48ba | 9098 7c8f | e901 0000 | 8bb2 cc00 | 0000 83c6 | 0289 b2cc | 0000 0081 | e6fe ff1f 
  0x000001e9803408e4: 0083 fe00 | 0f84 8b01 

  0x000001e9803408ec: ;   {metadata(method data for {method} {0x000001e98f030ef8} 'executePrivileged' '(Ljava/security/PrivilegedAction;Ljava/security/AccessControlContext;Ljava/lang/Class;)Ljava/lang/Object;' in 'java/security/AccessController')}
  0x000001e9803408ec: 0000 48ba | 9098 7c8f | e901 0000 | ff82 1001 

  0x000001e9803408fc: ;   {metadata(method data for {method} {0x000001e98f030ef8} 'executePrivileged' '(Ljava/security/PrivilegedAction;Ljava/security/AccessControlContext;Ljava/lang/Class;)Ljava/lang/Object;' in 'java/security/AccessController')}
  0x000001e9803408fc: 0000 48ba | 9098 7c8f | e901 0000 | ff82 4001 | 0000 4889 | 4424 4848 | 8b54 2440 

  0x000001e980340918: ; implicit exception: dispatches to 0x000001e980340a9a
  0x000001e980340918: 483b 0248 

  0x000001e98034091c: ;   {metadata(method data for {method} {0x000001e98f030ef8} 'executePrivileged' '(Ljava/security/PrivilegedAction;Ljava/security/AccessControlContext;Ljava/lang/Class;)Ljava/lang/Object;' in 'java/security/AccessController')}
  0x000001e98034091c: 8bf2 48bf | 9098 7c8f | e901 0000 | 8b76 0848 | c1e6 0348 | 3bb7 b001 | 0000 750d | 4883 87b8 
  0x000001e98034093c: 0100 0001 | e966 0000 | 0048 3bb7 | c001 0000 | 750d 4883 | 87c8 0100 | 0001 e950 | 0000 0048 
  0x000001e98034095c: 81bf b001 | 0000 0000 | 0000 7517 | 4889 b7b0 | 0100 0048 | c787 b801 | 0000 0100 | 0000 e92c 
  0x000001e98034097c: 0000 0048 | 81bf c001 | 0000 0000 | 0000 7517 | 4889 b7c0 | 0100 0048 | c787 c801 | 0000 0100 
  0x000001e98034099c: 0000 e908 | 0000 0048 | 8387 a001 | 0000 0166 | 9048 b8d0 | 4d3b 93e9 

  0x000001e9803409b4: ;   {virtual_call}
  0x000001e9803409b4: 0100 00e8 

  0x000001e9803409b8: ; ImmutableOopMap {[72]=Oop }
                      ;*invokeinterface run {reexecute=0 rethrow=0 return_oop=0}
                      ; - java.security.AccessController::executePrivileged@29
                      ; - java.security.AccessController::doPrivileged@5
  0x000001e9803409b8: 4c14 2f07 

  0x000001e9803409bc: ;   {metadata(method data for {method} {0x000001e98f030ef8} 'executePrivileged' '(Ljava/security/PrivilegedAction;Ljava/security/AccessControlContext;Ljava/lang/Class;)Ljava/lang/Object;' in 'java/security/AccessController')}
  0x000001e9803409bc: 48be 9098 | 7c8f e901 | 0000 ff86 | d801 0000 | 488b 7424 

  0x000001e9803409d0: ;   {metadata(method data for {method} {0x000001e98f030ef8} 'executePrivileged' '(Ljava/security/PrivilegedAction;Ljava/security/AccessControlContext;Ljava/lang/Class;)Ljava/lang/Object;' in 'java/security/AccessController')}
  0x000001e9803409d0: 4848 bf90 | 987c 8fe9 | 0100 0048 | 8387 3802 

  0x000001e9803409e0: ;   {metadata(method data for {method} {0x000001e98f035da8} 'reachabilityFence' '(Ljava/lang/Object;)V' in 'java/lang/ref/Reference')}
  0x000001e9803409e0: 0000 0148 | bf18 885e | 8fe9 0100 | 008b 9fcc | 0000 0083 | c302 899f | cc00 0000 | 81e3 feff 
  0x000001e980340a00: 1f00 83fb | 000f 8494 

  0x000001e980340a08: ;   {metadata(method data for {method} {0x000001e98f030ef8} 'executePrivileged' '(Ljava/security/PrivilegedAction;Ljava/security/AccessControlContext;Ljava/lang/Class;)Ljava/lang/Object;' in 'java/security/AccessController')}
  0x000001e980340a08: 0000 0048 | be90 987c | 8fe9 0100 | 0048 8386 | 4802 0000 

  0x000001e980340a1c: ;   {metadata(method data for {method} {0x000001e98f035da8} 'reachabilityFence' '(Ljava/lang/Object;)V' in 'java/lang/ref/Reference')}
  0x000001e980340a1c: 0148 be18 | 885e 8fe9 | 0100 008b | becc 0000 | 0083 c702 | 89be cc00 | 0000 81e7 | feff 1f00 
  0x000001e980340a3c: 83ff 000f | 847b 0000 | 0048 83c4 

  0x000001e980340a48: ;   {poll_return}
  0x000001e980340a48: 605d 493b | a750 0300 | 000f 878a | 0000 00c3 

  0x000001e980340a58: ;   {metadata({method} {0x000001e98f0303d8} 'doPrivileged' '(Ljava/security/PrivilegedAction;)Ljava/lang/Object;' in 'java/security/AccessController')}
  0x000001e980340a58: 49ba d003 | 038f e901 | 0000 4c89 | 5424 0848 | c704 24ff 

  0x000001e980340a6c: ;   {runtime_call counter_overflow Runtime1 stub}
  0x000001e980340a6c: ffff ffe8 

  0x000001e980340a70: ; ImmutableOopMap {rdx=Oop }
                      ;*synchronization entry
                      ; - java.security.AccessController::doPrivileged@-1
  0x000001e980340a70: 0ca6 2e07 | e91b feff 

  0x000001e980340a78: ;   {metadata({method} {0x000001e98f030ef8} 'executePrivileged' '(Ljava/security/PrivilegedAction;Ljava/security/AccessControlContext;Ljava/lang/Class;)Ljava/lang/Object;' in 'java/security/AccessController')}
  0x000001e980340a78: ff49 baf0 | 0e03 8fe9 | 0100 004c | 8954 2408 | 48c7 0424 | ffff ffff 

  0x000001e980340a90: ;   {runtime_call counter_overflow Runtime1 stub}
  0x000001e980340a90: e8eb a52e 

  0x000001e980340a94: ; ImmutableOopMap {[64]=Oop rax=Oop }
                      ;*synchronization entry
                      ; - java.security.AccessController::executePrivileged@-1
                      ; - java.security.AccessController::doPrivileged@5
  0x000001e980340a94: 07e9 54fe 

  0x000001e980340a98: ;   {runtime_call throw_null_pointer_exception Runtime1 stub}
  0x000001e980340a98: ffff e881 

  0x000001e980340a9c: ; ImmutableOopMap {rdx=Oop [72]=Oop }
                      ;*invokeinterface run {reexecute=0 rethrow=0 return_oop=0}
                      ; - java.security.AccessController::executePrivileged@29
                      ; - java.security.AccessController::doPrivileged@5
                      ;   {metadata({method} {0x000001e98f035da8} 'reachabilityFence' '(Ljava/lang/Object;)V' in 'java/lang/ref/Reference')}
  0x000001e980340a9c: 372e 0749 | baa0 5d03 | 8fe9 0100 | 004c 8954 | 2408 48c7 | 0424 ffff 

  0x000001e980340ab4: ;   {runtime_call counter_overflow Runtime1 stub}
  0x000001e980340ab4: ffff e8c5 

  0x000001e980340ab8: ; ImmutableOopMap {rax=Oop rsi=Oop }
                      ;*synchronization entry
                      ; - java.lang.ref.Reference::reachabilityFence@-1
                      ; - java.security.AccessController::executePrivileged@56
                      ; - java.security.AccessController::doPrivileged@5
  0x000001e980340ab8: a52e 07e9 | 4bff ffff 

  0x000001e980340ac0: ;   {metadata({method} {0x000001e98f035da8} 'reachabilityFence' '(Ljava/lang/Object;)V' in 'java/lang/ref/Reference')}
  0x000001e980340ac0: 49ba a05d | 038f e901 | 0000 4c89 | 5424 0848 | c704 24ff 

  0x000001e980340ad4: ;   {runtime_call counter_overflow Runtime1 stub}
  0x000001e980340ad4: ffff ffe8 

  0x000001e980340ad8: ; ImmutableOopMap {rax=Oop }
                      ;*synchronization entry
                      ; - java.lang.ref.Reference::reachabilityFence@-1
                      ; - java.security.AccessController::executePrivileged@60
                      ; - java.security.AccessController::doPrivileged@5
  0x000001e980340ad8: a4a5 2e07 | e964 ffff 

  0x000001e980340ae0: ;   {internal_word}
  0x000001e980340ae0: ff49 ba4a | 0a34 80e9 | 0100 004d | 8997 6803 

  0x000001e980340af0: ;   {runtime_call SafepointBlob}
  0x000001e980340af0: 0000 e989 | 8124 0790 | 9049 8b87 | e003 0000 | 49c7 87e0 | 0300 0000 | 0000 0049 | c787 e803 
  0x000001e980340b10: 0000 0000 | 0000 4883 

  0x000001e980340b18: ;   {runtime_call unwind_exception Runtime1 stub}
  0x000001e980340b18: c460 5de9 | e056 2507 
[Stub Code]
  0x000001e980340b20: ;   {no_reloc}
  0x000001e980340b20: 0f1f 4400 

  0x000001e980340b24: ;   {static_stub}
  0x000001e980340b24: 0048 bb00 | 0000 0000 

  0x000001e980340b2c: ;   {runtime_call}
  0x000001e980340b2c: 0000 00e9 | fbff ffff 

  0x000001e980340b34: ;   {static_stub}
  0x000001e980340b34: 9048 bb00 | 0000 0000 

  0x000001e980340b3c: ;   {runtime_call}
  0x000001e980340b3c: 0000 00e9 | fbff ffff 
[Exception Handler]
  0x000001e980340b44: ;   {runtime_call handle_exception_from_callee Runtime1 stub}
  0x000001e980340b44: e8b7 682e 

  0x000001e980340b48: ;   {external_word}
  0x000001e980340b48: 0748 b940 | 9a5c 98fe | 7f00 0048 

  0x000001e980340b54: ;   {runtime_call}
  0x000001e980340b54: 83e4 f049 | ba60 2d25 | 98fe 7f00 | 0041 ffd2 

  0x000001e980340b64: ;   {section_word}
  0x000001e980340b64: f449 ba65 | 0b34 80e9 | 0100 0041 

  0x000001e980340b70: ;   {runtime_call DeoptimizationBlob}
  0x000001e980340b70: 52e9 aa95 | 2407 f4f4 
[/MachCode]


Compiled method (c1)   13628  883       3       java.security.AccessController::executePrivileged (65 bytes)
 total in heap  [0x000001e98016f690,0x000001e98016fc78] = 1512
 relocation     [0x000001e98016f7e8,0x000001e98016f848] = 96
 main code      [0x000001e98016f860,0x000001e98016fb00] = 672
 stub code      [0x000001e98016fb00,0x000001e98016fb58] = 88
 metadata       [0x000001e98016fb58,0x000001e98016fb68] = 16
 scopes data    [0x000001e98016fb68,0x000001e98016fbe0] = 120
 scopes pcs     [0x000001e98016fbe0,0x000001e98016fc60] = 128
 dependencies   [0x000001e98016fc60,0x000001e98016fc68] = 8
 nul chk table  [0x000001e98016fc68,0x000001e98016fc78] = 16

[Constant Pool (empty)]

[MachCode]
[Verified Entry Point]
  # {method} {0x000001e98f030fe8} 'executePrivileged' '(Ljava/security/PrivilegedExceptionAction;Ljava/security/AccessControlContext;Ljava/lang/Class;)Ljava/lang/Object;' in 'java/security/AccessController'
  # parm0:    rdx:rdx   = 'java/security/PrivilegedExceptionAction'
  # parm1:    r8:r8     = 'java/security/AccessControlContext'
  # parm2:    r9:r9     = 'java/lang/Class'
  #           [sp+0x50]  (sp of caller)
  0x000001e98016f860: 8984 2400 | 90ff ff55 | 4883 ec40 | 4c89 4424 

  0x000001e98016f870: ;   {metadata(method data for {method} {0x000001e98f030fe8} 'executePrivileged' '(Ljava/security/PrivilegedExceptionAction;Ljava/security/AccessControlContext;Ljava/lang/Class;)Ljava/lang/Object;' in 'java/security/AccessController')}
  0x000001e98016f870: 3048 be18 | 209b 8fe9 | 0100 008b | becc 0000 | 0083 c702 | 89be cc00 | 0000 81e7 | fe07 0000 
  0x000001e98016f890: 83ff 000f | 84b7 0100 | 0049 83f8 

  0x000001e98016f89c: ;   {metadata(method data for {method} {0x000001e98f030fe8} 'executePrivileged' '(Ljava/security/PrivilegedExceptionAction;Ljava/security/AccessControlContext;Ljava/lang/Class;)Ljava/lang/Object;' in 'java/security/AccessController')}
  0x000001e98016f89c: 0048 be18 | 209b 8fe9 | 0100 0048 | bf10 0100 | 0000 0000 | 000f 840a | 0000 0048 | bf20 0100 
  0x000001e98016f8bc: 0000 0000 | 0048 8b1c | 3e48 8d5b | 0148 891c | 3e4c 894c | 2428 4889 | 5424 200f | 841f 0000 
  0x000001e98016f8dc: ;   {metadata(method data for {method} {0x000001e98f030fe8} 'executePrivileged' '(Ljava/security/PrivilegedExceptionAction;Ljava/security/AccessControlContext;Ljava/lang/Class;)Ljava/lang/Object;' in 'java/security/AccessController')}
  0x000001e98016f8dc: 0048 be18 | 209b 8fe9 | 0100 0048 | 8386 3001 | 0000 0149 | 8bd0 0f1f 

  0x000001e98016f8f4: ;   {static_call}
  0x000001e98016f8f4: 4400 00e8 

  0x000001e98016f8f8: ; ImmutableOopMap {[32]=Oop [40]=Oop [48]=Oop }
                      ;*invokestatic ensureMaterializedForStackWalk {reexecute=0 rethrow=0 return_oop=0}
                      ; - java.security.AccessController::executePrivileged@5
  0x000001e98016f8f8: 3c3f 9e07 

  0x000001e98016f8fc: ;   {metadata(method data for {method} {0x000001e98f030fe8} 'executePrivileged' '(Ljava/security/PrivilegedExceptionAction;Ljava/security/AccessControlContext;Ljava/lang/Class;)Ljava/lang/Object;' in 'java/security/AccessController')}
  0x000001e98016f8fc: 48ba 1820 | 9b8f e901 | 0000 ff82 | 4001 0000 | 488b 5424 | 2048 3b02 

  0x000001e98016f914: ;   {metadata(method data for {method} {0x000001e98f030fe8} 'executePrivileged' '(Ljava/security/PrivilegedExceptionAction;Ljava/security/AccessControlContext;Ljava/lang/Class;)Ljava/lang/Object;' in 'java/security/AccessController')}
  0x000001e98016f914: 488b f248 | bf18 209b | 8fe9 0100 | 008b 7608 | 48c1 e603 | 483b b7b0 | 0100 0075 | 0d48 8387 
  0x000001e98016f934: b801 0000 | 01e9 6600 | 0000 483b | b7c0 0100 | 0075 0d48 | 8387 c801 | 0000 01e9 | 5000 0000 
  0x000001e98016f954: 4881 bfb0 | 0100 0000 | 0000 0075 | 1748 89b7 | b001 0000 | 48c7 87b8 | 0100 0001 | 0000 00e9 
  0x000001e98016f974: 2c00 0000 | 4881 bfc0 | 0100 0000 | 0000 0075 | 1748 89b7 | c001 0000 | 48c7 87c8 | 0100 0001 
  0x000001e98016f994: 0000 00e9 | 0800 0000 | 4883 87a0 | 0100 0001 | 9048 b830 | 2f0e ffe9 

  0x000001e98016f9ac: ;   {virtual_call}
  0x000001e98016f9ac: 0100 00e8 

  0x000001e98016f9b0: ; ImmutableOopMap {[40]=Oop [48]=Oop }
                      ;*invokeinterface run {reexecute=0 rethrow=0 return_oop=0}
                      ; - java.security.AccessController::executePrivileged@29
  0x000001e98016f9b0: 5424 4c07 

  0x000001e98016f9b4: ;   {metadata(method data for {method} {0x000001e98f030fe8} 'executePrivileged' '(Ljava/security/PrivilegedExceptionAction;Ljava/security/AccessControlContext;Ljava/lang/Class;)Ljava/lang/Object;' in 'java/security/AccessController')}
  0x000001e98016f9b4: 48be 1820 | 9b8f e901 | 0000 ff86 | d801 0000 | 4c8b 4c24 

  0x000001e98016f9c8: ;   {metadata(method data for {method} {0x000001e98f030fe8} 'executePrivileged' '(Ljava/security/PrivilegedExceptionAction;Ljava/security/AccessControlContext;Ljava/lang/Class;)Ljava/lang/Object;' in 'java/security/AccessController')}
  0x000001e98016f9c8: 2848 be18 | 209b 8fe9 | 0100 0048 | 8386 3802 

  0x000001e98016f9d8: ;   {metadata(method data for {method} {0x000001e98f035da8} 'reachabilityFence' '(Ljava/lang/Object;)V' in 'java/lang/ref/Reference')}
  0x000001e98016f9d8: 0000 0148 | be18 885e | 8fe9 0100 | 008b becc | 0000 0083 | c702 89be | cc00 0000 | 81e7 feff 
  0x000001e98016f9f8: 1f00 83ff | 000f 8473 

  0x000001e98016fa00: ;   {metadata(method data for {method} {0x000001e98f030fe8} 'executePrivileged' '(Ljava/security/PrivilegedExceptionAction;Ljava/security/AccessControlContext;Ljava/lang/Class;)Ljava/lang/Object;' in 'java/security/AccessController')}
  0x000001e98016fa00: 0000 0048 | be18 209b | 8fe9 0100 | 0048 8386 | 4802 0000 

  0x000001e98016fa14: ;   {metadata(method data for {method} {0x000001e98f035da8} 'reachabilityFence' '(Ljava/lang/Object;)V' in 'java/lang/ref/Reference')}
  0x000001e98016fa14: 0148 be18 | 885e 8fe9 | 0100 008b | becc 0000 | 0083 c702 | 89be cc00 | 0000 81e7 | feff 1f00 
  0x000001e98016fa34: 83ff 000f | 845a 0000 | 0048 83c4 

  0x000001e98016fa40: ;   {poll_return}
  0x000001e98016fa40: 405d 493b | a750 0300 | 000f 8766 | 0000 00c3 

  0x000001e98016fa50: ;   {metadata({method} {0x000001e98f030fe8} 'executePrivileged' '(Ljava/security/PrivilegedExceptionAction;Ljava/security/AccessControlContext;Ljava/lang/Class;)Ljava/lang/Object;' in 'java/security/AccessController')}
  0x000001e98016fa50: 49ba e00f | 038f e901 | 0000 4c89 | 5424 0848 | c704 24ff 

  0x000001e98016fa64: ;   {runtime_call counter_overflow Runtime1 stub}
  0x000001e98016fa64: ffff ffe8 

  0x000001e98016fa68: ; ImmutableOopMap {rdx=Oop r8=Oop [48]=Oop r9=Oop }
                      ;*synchronization entry
                      ; - java.security.AccessController::executePrivileged@-1
  0x000001e98016fa68: 14b6 4b07 | e928 feff 

  0x000001e98016fa70: ;   {runtime_call throw_null_pointer_exception Runtime1 stub}
  0x000001e98016fa70: ffe8 aa47 

  0x000001e98016fa74: ; ImmutableOopMap {[40]=Oop rdx=Oop [48]=Oop }
                      ;*invokeinterface run {reexecute=0 rethrow=0 return_oop=0}
                      ; - java.security.AccessController::executePrivileged@29
                      ;   {metadata({method} {0x000001e98f035da8} 'reachabilityFence' '(Ljava/lang/Object;)V' in 'java/lang/ref/Reference')}
  0x000001e98016fa74: 4b07 49ba | a05d 038f | e901 0000 | 4c89 5424 | 0848 c704 | 24ff ffff 

  0x000001e98016fa8c: ;   {runtime_call counter_overflow Runtime1 stub}
  0x000001e98016fa8c: ffe8 eeb5 

  0x000001e98016fa90: ; ImmutableOopMap {rax=Oop r9=Oop }
                      ;*synchronization entry
                      ; - java.lang.ref.Reference::reachabilityFence@-1
                      ; - java.security.AccessController::executePrivileged@56
  0x000001e98016fa90: 4b07 e96c 

  0x000001e98016fa94: ;   {metadata({method} {0x000001e98f035da8} 'reachabilityFence' '(Ljava/lang/Object;)V' in 'java/lang/ref/Reference')}
  0x000001e98016fa94: ffff ff49 | baa0 5d03 | 8fe9 0100 | 004c 8954 | 2408 48c7 | 0424 ffff 

  0x000001e98016faac: ;   {runtime_call counter_overflow Runtime1 stub}
  0x000001e98016faac: ffff e8cd 

  0x000001e98016fab0: ; ImmutableOopMap {rax=Oop }
                      ;*synchronization entry
                      ; - java.lang.ref.Reference::reachabilityFence@-1
                      ; - java.security.AccessController::executePrivileged@60
  0x000001e98016fab0: b54b 07eb 

  0x000001e98016fab4: ;   {internal_word}
  0x000001e98016fab4: 8849 ba42 | fa16 80e9 | 0100 004d | 8997 6803 

  0x000001e98016fac4: ;   {runtime_call SafepointBlob}
  0x000001e98016fac4: 0000 e9b5 | 9141 0790 | 9049 8b87 | e003 0000 | 49c7 87e0 | 0300 0000 | 0000 0049 | c787 e803 
  0x000001e98016fae4: 0000 0000 | 0000 4883 

  0x000001e98016faec: ;   {runtime_call unwind_exception Runtime1 stub}
  0x000001e98016faec: c440 5de9 | 0c67 4207 | f4f4 f4f4 | f4f4 f4f4 | f4f4 f4f4 
[Stub Code]
  0x000001e98016fb00: ;   {no_reloc}
  0x000001e98016fb00: 0f1f 4400 

  0x000001e98016fb04: ;   {static_stub}
  0x000001e98016fb04: 0048 bb58 | 0d03 8fe9 

  0x000001e98016fb0c: ;   {runtime_call I2C/C2I adapters}
  0x000001e98016fb0c: 0100 00e9 | 3c0a 4107 

  0x000001e98016fb14: ;   {static_stub}
  0x000001e98016fb14: 9048 bb00 | 0000 0000 

  0x000001e98016fb1c: ;   {runtime_call}
  0x000001e98016fb1c: 0000 00e9 | fbff ffff 
[Exception Handler]
  0x000001e98016fb24: ;   {runtime_call handle_exception_from_callee Runtime1 stub}
  0x000001e98016fb24: e8d7 784b 

  0x000001e98016fb28: ;   {external_word}
  0x000001e98016fb28: 0748 b940 | 9a5c 98fe | 7f00 0048 

  0x000001e98016fb34: ;   {runtime_call}
  0x000001e98016fb34: 83e4 f049 | ba60 2d25 | 98fe 7f00 | 0041 ffd2 

  0x000001e98016fb44: ;   {section_word}
  0x000001e98016fb44: f449 ba45 | fb16 80e9 | 0100 0041 

  0x000001e98016fb50: ;   {runtime_call DeoptimizationBlob}
  0x000001e98016fb50: 52e9 caa5 | 4107 f4f4 
[/MachCode]


---------------  P R O C E S S  ---------------

Threads class SMR info:
_java_thread_list=0x000001e9feeda8b0, length=20, elements={
0x000001e9f7cbef30, 0x000001e9fcb44010, 0x000001e9fcb45800, 0x000001e9fdba6670,
0x000001e9fcb4df70, 0x000001e9fdbbaf20, 0x000001e9fdbbc320, 0x000001e9fdbc6d30,
0x000001e9fdbc9cd0, 0x000001e9fdbcc6e0, 0x000001e9fdd0ceb0, 0x000001e9fdeeefb0,
0x000001e993050010, 0x000001e993221a40, 0x000001e9ff432540, 0x000001e9ff432e30,
0x000001e99337c1c0, 0x000001e99337cbe0, 0x000001e99337c6d0, 0x000001e99337b290
}

Java Threads: ( => current thread )
  0x000001e9f7cbef30 JavaThread "main" [_thread_blocked, id=16136, stack(0x0000009229700000,0x0000009229800000)]
  0x000001e9fcb44010 JavaThread "Reference Handler" daemon [_thread_blocked, id=15384, stack(0x0000009229a00000,0x0000009229b00000)]
  0x000001e9fcb45800 JavaThread "Finalizer" daemon [_thread_blocked, id=11792, stack(0x0000009229b00000,0x0000009229c00000)]
  0x000001e9fdba6670 JavaThread "Signal Dispatcher" daemon [_thread_blocked, id=17908, stack(0x0000009229c00000,0x0000009229d00000)]
  0x000001e9fcb4df70 JavaThread "Attach Listener" daemon [_thread_blocked, id=14160, stack(0x0000009229d00000,0x0000009229e00000)]
  0x000001e9fdbbaf20 JavaThread "Service Thread" daemon [_thread_blocked, id=18620, stack(0x0000009229e00000,0x0000009229f00000)]
  0x000001e9fdbbc320 JavaThread "Monitor Deflation Thread" daemon [_thread_blocked, id=17632, stack(0x0000009229f00000,0x000000922a000000)]
  0x000001e9fdbc6d30 JavaThread "C2 CompilerThread0" daemon [_thread_blocked, id=18448, stack(0x000000922a000000,0x000000922a100000)]
  0x000001e9fdbc9cd0 JavaThread "C1 CompilerThread0" daemon [_thread_blocked, id=1476, stack(0x000000922a100000,0x000000922a200000)]
  0x000001e9fdbcc6e0 JavaThread "Sweeper thread" daemon [_thread_blocked, id=19148, stack(0x000000922a200000,0x000000922a300000)]
  0x000001e9fdd0ceb0 JavaThread "Common-Cleaner" daemon [_thread_blocked, id=11284, stack(0x000000922a300000,0x000000922a400000)]
  0x000001e9fdeeefb0 JavaThread "Notification Thread" daemon [_thread_blocked, id=2792, stack(0x000000922a400000,0x000000922a500000)]
  0x000001e993050010 JavaThread "Active Thread: Equinox Container: 72564823-ddfb-416d-bdb2-404e2a95e419" [_thread_blocked, id=8912, stack(0x000000922ae00000,0x000000922af00000)]
  0x000001e993221a40 JavaThread "Framework Event Dispatcher: Equinox Container: 72564823-ddfb-416d-bdb2-404e2a95e419" daemon [_thread_blocked, id=18072, stack(0x000000922ad00000,0x000000922ae00000)]
=>0x000001e9ff432540 JavaThread "Start Level: Equinox Container: 72564823-ddfb-416d-bdb2-404e2a95e419" daemon [_thread_in_vm, id=13568, stack(0x000000922af00000,0x000000922b000000)]
  0x000001e9ff432e30 JavaThread "SCR Component Actor" daemon [_thread_blocked, id=9008, stack(0x000000922b000000,0x000000922b100000)]
  0x000001e99337c1c0 JavaThread "Worker-JM" [_thread_blocked, id=8800, stack(0x000000922b200000,0x000000922b300000)]
  0x000001e99337cbe0 JavaThread "Worker-0" [_thread_blocked, id=9184, stack(0x000000922b300000,0x000000922b400000)]
  0x000001e99337c6d0 JavaThread "Worker-1" [_thread_blocked, id=16792, stack(0x000000922b400000,0x000000922b500000)]
  0x000001e99337b290 JavaThread "Worker-2" [_thread_blocked, id=16564, stack(0x000000922b100000,0x000000922b200000)]

Other Threads:
  0x000001e9fdb914b0 VMThread "VM Thread" [stack: 0x0000009229900000,0x0000009229a00000] [id=18280]
  0x000001e9fdeef490 WatcherThread [stack: 0x000000922a500000,0x000000922a600000] [id=19220]
  0x000001e9f7cd2b70 GCTaskThread "GC Thread#0" [stack: 0x0000009229800000,0x0000009229900000] [id=10356]
  0x000001e9ff4de5e0 GCTaskThread "GC Thread#1" [stack: 0x000000922a600000,0x000000922a700000] [id=17600]
  0x000001e9ff4de8a0 GCTaskThread "GC Thread#2" [stack: 0x000000922a700000,0x000000922a800000] [id=20336]
  0x000001e9ff4b5810 GCTaskThread "GC Thread#3" [stack: 0x000000922a800000,0x000000922a900000] [id=20356]
  0x000001e9ff4b5ad0 GCTaskThread "GC Thread#4" [stack: 0x000000922a900000,0x000000922aa00000] [id=15540]
  0x000001e9ff426830 GCTaskThread "GC Thread#5" [stack: 0x000000922aa00000,0x000000922ab00000] [id=13124]
  0x000001e9ff426af0 GCTaskThread "GC Thread#6" [stack: 0x000000922ab00000,0x000000922ac00000] [id=18144]
  0x000001e9930236f0 GCTaskThread "GC Thread#7" [stack: 0x000000922ac00000,0x000000922ad00000] [id=11496]

Threads with active compile tasks:

VM state: not at safepoint (normal execution)

VM Mutex/Monitor currently owned by a thread:  ([mutex/lock_event])
[0x000001e9f7cb9d70] Metaspace_lock - owner thread: 0x000001e9ff432540

Heap address: 0x00000000c0000000, size: 1024 MB, Compressed Oops mode: 32-bit

CDS archive(s) not mapped
Compressed class space mapped at: 0x0000000100000000-0x0000000140000000, reserved size: 1073741824
Narrow klass base: 0x0000000000000000, Narrow klass shift: 3, Narrow klass range: 0x140000000

GC Precious Log:
 CPUs: 8 total, 8 available
 Memory: 7946M
 Large Page Support: Disabled
 NUMA Support: Disabled
 Compressed Oops: Enabled (32-bit)
 Alignments: Space 512K, Generation 512K, Heap 2M
 Heap Min Capacity: 100M
 Heap Initial Capacity: 100M
 Heap Max Capacity: 1G
 Pre-touch: Disabled
 Parallel Workers: 8

Heap:
 PSYoungGen      total 27136K, used 14141K [0x00000000eab00000, 0x00000000ecb80000, 0x0000000100000000)
  eden space 24064K, 46% used [0x00000000eab00000,0x00000000eb5d1710,0x00000000ec280000)
  from space 3072K, 99% used [0x00000000ec300000,0x00000000ec5fdfc0,0x00000000ec600000)
  to   space 4608K, 0% used [0x00000000ec700000,0x00000000ec700000,0x00000000ecb80000)
 ParOldGen       total 68608K, used 7924K [0x00000000c0000000, 0x00000000c4300000, 0x00000000eab00000)
  object space 68608K, 11% used [0x00000000c0000000,0x00000000c07bd330,0x00000000c4300000)
 Metaspace       used 32054K, committed 32640K, reserved 1114112K
  class space    used 3136K, committed 3392K, reserved 1048576K

Card table byte_map: [0x000001e9f7650000,0x000001e9f7860000] _byte_map_base: 0x000001e9f7050000

Marking Bits: (ParMarkBitMap*) 0x00007ffe9883d7d0
 Begin Bits: [0x000001e9fa950000, 0x000001e9fb950000)
 End Bits:   [0x000001e9fb950000, 0x000001e9fc950000)

Polling page: 0x000001e9f5c40000

Metaspace:

Usage:
  Non-class:     28.24 MB used.
      Class:      3.06 MB used.
       Both:     31.30 MB used.

Virtual space:
  Non-class space:       64.00 MB reserved,      28.56 MB ( 45%) committed,  1 nodes.
      Class space:        1.00 GB reserved,       3.31 MB ( <1%) committed,  1 nodes.
             Both:        1.06 GB reserved,      31.88 MB (  3%) committed. 

Chunk freelists:
   Non-Class:  3.27 MB
       Class:  12.55 MB
        Both:  15.81 MB

MaxMetaspaceSize: unlimited
CompressedClassSpaceSize: 1.00 GB
Initial GC threshold: 21.00 MB
Current GC threshold: 35.00 MB
CDS: off
MetaspaceReclaimPolicy: balanced
 - commit_granule_bytes: 65536.
 - commit_granule_words: 8192.
 - virtual_space_node_default_size: 8388608.
 - enlarge_chunks_in_place: 1.
 - new_chunks_are_fully_committed: 0.
 - uncommit_free_chunks: 1.
 - use_allocation_guard: 0.
 - handle_deallocations: 1.


Internal statistics:

num_allocs_failed_limit: 3.
num_arena_births: 336.
num_arena_deaths: 14.
num_vsnodes_births: 2.
num_vsnodes_deaths: 0.
num_space_committed: 510.
num_space_uncommitted: 0.
num_chunks_returned_to_freelist: 17.
num_chunks_taken_from_freelist: 1234.
num_chunk_merges: 5.
num_chunk_splits: 807.
num_chunks_enlarged: 550.
num_inconsistent_stats: 0.

CodeHeap 'non-profiled nmethods': size=120000Kb used=1281Kb max_used=1281Kb free=118718Kb
 bounds [0x000001e987ad0000, 0x000001e987d40000, 0x000001e98f000000]
CodeHeap 'profiled nmethods': size=120000Kb used=5869Kb max_used=5869Kb free=114130Kb
 bounds [0x000001e980000000, 0x000001e9805c0000, 0x000001e987530000]
CodeHeap 'non-nmethods': size=5760Kb used=1266Kb max_used=1292Kb free=4493Kb
 bounds [0x000001e987530000, 0x000001e9877a0000, 0x000001e987ad0000]
 total_blobs=3485 nmethods=2910 adapters=488
 compilation: enabled
              stopped_count=0, restarted_count=0
 full_count=0

Compilation events (20 events):
Event: 13.107 Thread 0x000001e9fdbc9cd0 2901       3       org.eclipse.core.internal.registry.ConfigurationElementHandle::getConfigurationElement (18 bytes)
Event: 13.108 Thread 0x000001e9fdbc9cd0 nmethod 2901 0x000001e9805abd10 code [0x000001e9805abee0, 0x000001e9805ac328]
Event: 13.116 Thread 0x000001e9fdbc9cd0 2902   !   3       org.eclipse.osgi.internal.loader.SystemBundleLoader::findLocalClass (12 bytes)
Event: 13.117 Thread 0x000001e9fdbc9cd0 nmethod 2902 0x000001e9805ac490 code [0x000001e9805ac640, 0x000001e9805ac948]
Event: 13.175 Thread 0x000001e9fdbc9cd0 2903       3       java.lang.invoke.Invokers$Holder::linkToTargetMethod (10 bytes)
Event: 13.176 Thread 0x000001e9fdbc9cd0 nmethod 2903 0x000001e9805aca90 code [0x000001e9805acc40, 0x000001e9805aceb8]
Event: 13.188 Thread 0x000001e9fdbc9cd0 2905       3       java.util.jar.Manifest$FastInputStream::readLine (296 bytes)
Event: 13.196 Thread 0x000001e9fdbc9cd0 nmethod 2905 0x000001e9805acf90 code [0x000001e9805ad1c0, 0x000001e9805adac8]
Event: 13.197 Thread 0x000001e9fdbc9cd0 2904   !   3       java.util.jar.Attributes::read (498 bytes)
Event: 13.220 Thread 0x000001e9fdbc9cd0 nmethod 2904 0x000001e9805ade10 code [0x000001e9805ae600, 0x000001e9805b2628]
Event: 13.220 Thread 0x000001e9fdbc9cd0 2906   !   3       org.eclipse.osgi.internal.log.ExtendedLogReaderServiceFactory::safeIsLoggable (30 bytes)
Event: 13.223 Thread 0x000001e9fdbc9cd0 nmethod 2906 0x000001e9805b3f90 code [0x000001e9805b41a0, 0x000001e9805b4878]
Event: 13.256 Thread 0x000001e9fdbc6d30 2907       4       java.util.zip.ZipCoder$UTF8ZipCoder::toString (12 bytes)
Event: 13.286 Thread 0x000001e9fdbc6d30 nmethod 2907 0x000001e987c0f610 code [0x000001e987c0f7a0, 0x000001e987c0fd58]
Event: 13.295 Thread 0x000001e9fdbc6d30 2908       4       java.lang.invoke.MethodType::hashCode (53 bytes)
Event: 13.303 Thread 0x000001e9fdbc9cd0 2909       3       java.lang.invoke.Invokers::checkCustomized (23 bytes)
Event: 13.304 Thread 0x000001e9fdbc9cd0 nmethod 2909 0x000001e9805b4b10 code [0x000001e9805b4cc0, 0x000001e9805b4e88]
Event: 13.306 Thread 0x000001e9fdbc9cd0 2910       3       jdk.internal.org.objectweb.asm.ClassWriter::toByteArray (1535 bytes)
Event: 13.310 Thread 0x000001e9fdbc6d30 nmethod 2908 0x000001e987c10090 code [0x000001e987c10220, 0x000001e987c103d8]
Event: 13.338 Thread 0x000001e9fdbc9cd0 nmethod 2910 0x000001e9805b4f90 code [0x000001e9805b58c0, 0x000001e9805b9598]

GC Heap History (16 events):
Event: 3.014 GC heap before
{Heap before GC invocations=1 (full 0):
 PSYoungGen      total 29696K, used 25600K [0x00000000eab00000, 0x00000000ecc00000, 0x0000000100000000)
  eden space 25600K, 100% used [0x00000000eab00000,0x00000000ec400000,0x00000000ec400000)
  from space 4096K, 0% used [0x00000000ec800000,0x00000000ec800000,0x00000000ecc00000)
  to   space 4096K, 0% used [0x00000000ec400000,0x00000000ec400000,0x00000000ec800000)
 ParOldGen       total 68608K, used 0K [0x00000000c0000000, 0x00000000c4300000, 0x00000000eab00000)
  object space 68608K, 0% used [0x00000000c0000000,0x00000000c0000000,0x00000000c4300000)
 Metaspace       used 10998K, committed 11200K, reserved 1114112K
  class space    used 1098K, committed 1216K, reserved 1048576K
}
Event: 3.032 GC heap after
{Heap after GC invocations=1 (full 0):
 PSYoungGen      total 29696K, used 3181K [0x00000000eab00000, 0x00000000ecc00000, 0x0000000100000000)
  eden space 25600K, 0% used [0x00000000eab00000,0x00000000eab00000,0x00000000ec400000)
  from space 4096K, 77% used [0x00000000ec400000,0x00000000ec71b700,0x00000000ec800000)
  to   space 4096K, 0% used [0x00000000ec800000,0x00000000ec800000,0x00000000ecc00000)
 ParOldGen       total 68608K, used 16K [0x00000000c0000000, 0x00000000c4300000, 0x00000000eab00000)
  object space 68608K, 0% used [0x00000000c0000000,0x00000000c0004000,0x00000000c4300000)
 Metaspace       used 10998K, committed 11200K, reserved 1114112K
  class space    used 1098K, committed 1216K, reserved 1048576K
}
Event: 4.778 GC heap before
{Heap before GC invocations=2 (full 0):
 PSYoungGen      total 29696K, used 28781K [0x00000000eab00000, 0x00000000ecc00000, 0x0000000100000000)
  eden space 25600K, 100% used [0x00000000eab00000,0x00000000ec400000,0x00000000ec400000)
  from space 4096K, 77% used [0x00000000ec400000,0x00000000ec71b700,0x00000000ec800000)
  to   space 4096K, 0% used [0x00000000ec800000,0x00000000ec800000,0x00000000ecc00000)
 ParOldGen       total 68608K, used 16K [0x00000000c0000000, 0x00000000c4300000, 0x00000000eab00000)
  object space 68608K, 0% used [0x00000000c0000000,0x00000000c0004000,0x00000000c4300000)
 Metaspace       used 14804K, committed 15104K, reserved 1114112K
  class space    used 1500K, committed 1664K, reserved 1048576K
}
Event: 4.796 GC heap after
{Heap after GC invocations=2 (full 0):
 PSYoungGen      total 29696K, used 4067K [0x00000000eab00000, 0x00000000ecc00000, 0x0000000100000000)
  eden space 25600K, 0% used [0x00000000eab00000,0x00000000eab00000,0x00000000ec400000)
  from space 4096K, 99% used [0x00000000ec800000,0x00000000ecbf8f38,0x00000000ecc00000)
  to   space 4096K, 0% used [0x00000000ec400000,0x00000000ec400000,0x00000000ec800000)
 ParOldGen       total 68608K, used 760K [0x00000000c0000000, 0x00000000c4300000, 0x00000000eab00000)
  object space 68608K, 1% used [0x00000000c0000000,0x00000000c00be340,0x00000000c4300000)
 Metaspace       used 14804K, committed 15104K, reserved 1114112K
  class space    used 1500K, committed 1664K, reserved 1048576K
}
Event: 6.334 GC heap before
{Heap before GC invocations=3 (full 0):
 PSYoungGen      total 29696K, used 29667K [0x00000000eab00000, 0x00000000ecc00000, 0x0000000100000000)
  eden space 25600K, 100% used [0x00000000eab00000,0x00000000ec400000,0x00000000ec400000)
  from space 4096K, 99% used [0x00000000ec800000,0x00000000ecbf8f38,0x00000000ecc00000)
  to   space 4096K, 0% used [0x00000000ec400000,0x00000000ec400000,0x00000000ec800000)
 ParOldGen       total 68608K, used 760K [0x00000000c0000000, 0x00000000c4300000, 0x00000000eab00000)
  object space 68608K, 1% used [0x00000000c0000000,0x00000000c00be340,0x00000000c4300000)
 Metaspace       used 19730K, committed 20096K, reserved 1114112K
  class space    used 2019K, committed 2176K, reserved 1048576K
}
Event: 6.353 GC heap after
{Heap after GC invocations=3 (full 0):
 PSYoungGen      total 29696K, used 4093K [0x00000000eab00000, 0x00000000ecc00000, 0x0000000100000000)
  eden space 25600K, 0% used [0x00000000eab00000,0x00000000eab00000,0x00000000ec400000)
  from space 4096K, 99% used [0x00000000ec400000,0x00000000ec7ff7c0,0x00000000ec800000)
  to   space 4096K, 0% used [0x00000000ec800000,0x00000000ec800000,0x00000000ecc00000)
 ParOldGen       total 68608K, used 2642K [0x00000000c0000000, 0x00000000c4300000, 0x00000000eab00000)
  object space 68608K, 3% used [0x00000000c0000000,0x00000000c0294bc0,0x00000000c4300000)
 Metaspace       used 19730K, committed 20096K, reserved 1114112K
  class space    used 2019K, committed 2176K, reserved 1048576K
}
Event: 7.060 GC heap before
{Heap before GC invocations=4 (full 0):
 PSYoungGen      total 29696K, used 12013K [0x00000000eab00000, 0x00000000ecc00000, 0x0000000100000000)
  eden space 25600K, 30% used [0x00000000eab00000,0x00000000eb2bbff0,0x00000000ec400000)
  from space 4096K, 99% used [0x00000000ec400000,0x00000000ec7ff7c0,0x00000000ec800000)
  to   space 4096K, 0% used [0x00000000ec800000,0x00000000ec800000,0x00000000ecc00000)
 ParOldGen       total 68608K, used 2642K [0x00000000c0000000, 0x00000000c4300000, 0x00000000eab00000)
  object space 68608K, 3% used [0x00000000c0000000,0x00000000c0294bc0,0x00000000c4300000)
 Metaspace       used 21114K, committed 21504K, reserved 1114112K
  class space    used 2160K, committed 2368K, reserved 1048576K
}
Event: 7.071 GC heap after
{Heap after GC invocations=4 (full 0):
 PSYoungGen      total 29696K, used 4090K [0x00000000eab00000, 0x00000000ecc00000, 0x0000000100000000)
  eden space 25600K, 0% used [0x00000000eab00000,0x00000000eab00000,0x00000000ec400000)
  from space 4096K, 99% used [0x00000000ec800000,0x00000000ecbfe8c8,0x00000000ecc00000)
  to   space 4096K, 0% used [0x00000000ec400000,0x00000000ec400000,0x00000000ec800000)
 ParOldGen       total 68608K, used 3026K [0x00000000c0000000, 0x00000000c4300000, 0x00000000eab00000)
  object space 68608K, 4% used [0x00000000c0000000,0x00000000c02f4bd0,0x00000000c4300000)
 Metaspace       used 21114K, committed 21504K, reserved 1114112K
  class space    used 2160K, committed 2368K, reserved 1048576K
}
Event: 7.071 GC heap before
{Heap before GC invocations=5 (full 1):
 PSYoungGen      total 29696K, used 4090K [0x00000000eab00000, 0x00000000ecc00000, 0x0000000100000000)
  eden space 25600K, 0% used [0x00000000eab00000,0x00000000eab00000,0x00000000ec400000)
  from space 4096K, 99% used [0x00000000ec800000,0x00000000ecbfe8c8,0x00000000ecc00000)
  to   space 4096K, 0% used [0x00000000ec400000,0x00000000ec400000,0x00000000ec800000)
 ParOldGen       total 68608K, used 3026K [0x00000000c0000000, 0x00000000c4300000, 0x00000000eab00000)
  object space 68608K, 4% used [0x00000000c0000000,0x00000000c02f4bd0,0x00000000c4300000)
 Metaspace       used 21114K, committed 21504K, reserved 1114112K
  class space    used 2160K, committed 2368K, reserved 1048576K
}
Event: 7.158 GC heap after
{Heap after GC invocations=5 (full 1):
 PSYoungGen      total 29696K, used 0K [0x00000000eab00000, 0x00000000ecc00000, 0x0000000100000000)
  eden space 25600K, 0% used [0x00000000eab00000,0x00000000eab00000,0x00000000ec400000)
  from space 4096K, 0% used [0x00000000ec800000,0x00000000ec800000,0x00000000ecc00000)
  to   space 4096K, 0% used [0x00000000ec400000,0x00000000ec400000,0x00000000ec800000)
 ParOldGen       total 68608K, used 6991K [0x00000000c0000000, 0x00000000c4300000, 0x00000000eab00000)
  object space 68608K, 10% used [0x00000000c0000000,0x00000000c06d3e20,0x00000000c4300000)
 Metaspace       used 21100K, committed 21504K, reserved 1114112K
  class space    used 2157K, committed 2368K, reserved 1048576K
}
Event: 8.137 GC heap before
{Heap before GC invocations=6 (full 1):
 PSYoungGen      total 29696K, used 25586K [0x00000000eab00000, 0x00000000ecc00000, 0x0000000100000000)
  eden space 25600K, 99% used [0x00000000eab00000,0x00000000ec3fcad8,0x00000000ec400000)
  from space 4096K, 0% used [0x00000000ec800000,0x00000000ec800000,0x00000000ecc00000)
  to   space 4096K, 0% used [0x00000000ec400000,0x00000000ec400000,0x00000000ec800000)
 ParOldGen       total 68608K, used 6991K [0x00000000c0000000, 0x00000000c4300000, 0x00000000eab00000)
  object space 68608K, 10% used [0x00000000c0000000,0x00000000c06d3e20,0x00000000c4300000)
 Metaspace       used 24204K, committed 24704K, reserved 1114112K
  class space    used 2397K, committed 2624K, reserved 1048576K
}
Event: 8.141 GC heap after
{Heap after GC invocations=6 (full 1):
 PSYoungGen      total 26112K, used 620K [0x00000000eab00000, 0x00000000ec880000, 0x0000000100000000)
  eden space 25088K, 0% used [0x00000000eab00000,0x00000000eab00000,0x00000000ec380000)
  from space 1024K, 60% used [0x00000000ec400000,0x00000000ec49b1c8,0x00000000ec500000)
  to   space 2560K, 0% used [0x00000000ec600000,0x00000000ec600000,0x00000000ec880000)
 ParOldGen       total 68608K, used 6999K [0x00000000c0000000, 0x00000000c4300000, 0x00000000eab00000)
  object space 68608K, 10% used [0x00000000c0000000,0x00000000c06d5e20,0x00000000c4300000)
 Metaspace       used 24204K, committed 24704K, reserved 1114112K
  class space    used 2397K, committed 2624K, reserved 1048576K
}
Event: 8.868 GC heap before
{Heap before GC invocations=7 (full 1):
 PSYoungGen      total 26112K, used 25708K [0x00000000eab00000, 0x00000000ec880000, 0x0000000100000000)
  eden space 25088K, 100% used [0x00000000eab00000,0x00000000ec380000,0x00000000ec380000)
  from space 1024K, 60% used [0x00000000ec400000,0x00000000ec49b1c8,0x00000000ec500000)
  to   space 2560K, 0% used [0x00000000ec600000,0x00000000ec600000,0x00000000ec880000)
 ParOldGen       total 68608K, used 6999K [0x00000000c0000000, 0x00000000c4300000, 0x00000000eab00000)
  object space 68608K, 10% used [0x00000000c0000000,0x00000000c06d5e20,0x00000000c4300000)
 Metaspace       used 27069K, committed 27520K, reserved 1114112K
  class space    used 2621K, committed 2816K, reserved 1048576K
}
Event: 8.873 GC heap after
{Heap after GC invocations=7 (full 1):
 PSYoungGen      total 27136K, used 2444K [0x00000000eab00000, 0x00000000ec900000, 0x0000000100000000)
  eden space 24576K, 0% used [0x00000000eab00000,0x00000000eab00000,0x00000000ec300000)
  from space 2560K, 95% used [0x00000000ec600000,0x00000000ec863180,0x00000000ec880000)
  to   space 3072K, 0% used [0x00000000ec300000,0x00000000ec300000,0x00000000ec600000)
 ParOldGen       total 68608K, used 7007K [0x00000000c0000000, 0x00000000c4300000, 0x00000000eab00000)
  object space 68608K, 10% used [0x00000000c0000000,0x00000000c06d7e20,0x00000000c4300000)
 Metaspace       used 27069K, committed 27520K, reserved 1114112K
  class space    used 2621K, committed 2816K, reserved 1048576K
}
Event: 11.837 GC heap before
{Heap before GC invocations=8 (full 1):
 PSYoungGen      total 27136K, used 27020K [0x00000000eab00000, 0x00000000ec900000, 0x0000000100000000)
  eden space 24576K, 100% used [0x00000000eab00000,0x00000000ec300000,0x00000000ec300000)
  from space 2560K, 95% used [0x00000000ec600000,0x00000000ec863180,0x00000000ec880000)
  to   space 3072K, 0% used [0x00000000ec300000,0x00000000ec300000,0x00000000ec600000)
 ParOldGen       total 68608K, used 7007K [0x00000000c0000000, 0x00000000c4300000, 0x00000000eab00000)
  object space 68608K, 10% used [0x00000000c0000000,0x00000000c06d7e20,0x00000000c4300000)
 Metaspace       used 30519K, committed 30976K, reserved 1114112K
  class space    used 2956K, committed 3136K, reserved 1048576K
}
Event: 11.855 GC heap after
{Heap after GC invocations=8 (full 1):
 PSYoungGen      total 27136K, used 3063K [0x00000000eab00000, 0x00000000ecb80000, 0x0000000100000000)
  eden space 24064K, 0% used [0x00000000eab00000,0x00000000eab00000,0x00000000ec280000)
  from space 3072K, 99% used [0x00000000ec300000,0x00000000ec5fdfc0,0x00000000ec600000)
  to   space 4608K, 0% used [0x00000000ec700000,0x00000000ec700000,0x00000000ecb80000)
 ParOldGen       total 68608K, used 7924K [0x00000000c0000000, 0x00000000c4300000, 0x00000000eab00000)
  object space 68608K, 11% used [0x00000000c0000000,0x00000000c07bd330,0x00000000c4300000)
 Metaspace       used 30519K, committed 30976K, reserved 1114112K
  class space    used 2956K, committed 3136K, reserved 1048576K
}

Dll operation events (9 events):
Event: 0.032 Loaded shared library c:\Users\srish\.vscode\extensions\redhat.java-1.29.0-win32-x64\jre\17.0.10-win32-x86_64\bin\java.dll
Event: 0.644 Loaded shared library c:\Users\srish\.vscode\extensions\redhat.java-1.29.0-win32-x64\jre\17.0.10-win32-x86_64\bin\zip.dll
Event: 0.653 Loaded shared library C:\Users\srish\.vscode\extensions\redhat.java-1.29.0-win32-x64\jre\17.0.10-win32-x86_64\bin\instrument.dll
Event: 0.712 Loaded shared library C:\Users\srish\.vscode\extensions\redhat.java-1.29.0-win32-x64\jre\17.0.10-win32-x86_64\bin\net.dll
Event: 0.717 Loaded shared library C:\Users\srish\.vscode\extensions\redhat.java-1.29.0-win32-x64\jre\17.0.10-win32-x86_64\bin\nio.dll
Event: 0.745 Loaded shared library C:\Users\srish\.vscode\extensions\redhat.java-1.29.0-win32-x64\jre\17.0.10-win32-x86_64\bin\zip.dll
Event: 0.800 Loaded shared library C:\Users\srish\.vscode\extensions\redhat.java-1.29.0-win32-x64\jre\17.0.10-win32-x86_64\bin\jimage.dll
Event: 1.004 Loaded shared library c:\Users\srish\.vscode\extensions\redhat.java-1.29.0-win32-x64\jre\17.0.10-win32-x86_64\bin\verify.dll
Event: 4.415 Loaded shared library C:\Users\srish\AppData\Roaming\Code\User\globalStorage\redhat.java\1.29.0\config_ss_win\org.eclipse.equinox.launcher\org.eclipse.equinox.launcher.win32.win32.x86_64_1.2.900.v20240213-1244\eclipse_11900.dll

Deoptimization events (20 events):
Event: 11.588 Thread 0x000001e9ff432540 Uncommon trap: trap_request=0xffffff76 fr.pc=0x000001e987ba40b0 relative=0x0000000000000e30
Event: 11.588 Thread 0x000001e9ff432540 Uncommon trap: reason=predicate action=maybe_recompile pc=0x000001e987ba40b0 method=java.util.Properties$LineReader.readLine()I @ 53 c2
Event: 11.588 Thread 0x000001e9ff432540 DEOPT PACKING pc=0x000001e987ba40b0 sp=0x000000922affd610
Event: 11.589 Thread 0x000001e9ff432540 DEOPT UNPACKING pc=0x000001e987589ea3 sp=0x000000922affd5c8 mode 2
Event: 11.940 Thread 0x000001e99337c6d0 Uncommon trap: trap_request=0xffffff45 fr.pc=0x000001e987bdb1cc relative=0x000000000000130c
Event: 11.940 Thread 0x000001e99337c6d0 Uncommon trap: reason=unstable_if action=reinterpret pc=0x000001e987bdb1cc method=java.util.Properties.loadConvert([CIILjava/lang/StringBuilder;)Ljava/lang/String; @ 477 c2
Event: 11.940 Thread 0x000001e99337c6d0 DEOPT PACKING pc=0x000001e987bdb1cc sp=0x000000922b4fd5b0
Event: 11.941 Thread 0x000001e99337c6d0 DEOPT UNPACKING pc=0x000001e987589ea3 sp=0x000000922b4fd590 mode 2
Event: 12.634 Thread 0x000001e99337c6d0 Uncommon trap: trap_request=0xffffffcc fr.pc=0x000001e987c06954 relative=0x0000000000000334
Event: 12.634 Thread 0x000001e99337c6d0 Uncommon trap: reason=intrinsic_or_type_checked_inlining action=make_not_entrant pc=0x000001e987c06954 method=java.util.Arrays.copyOf([Ljava/lang/Object;ILjava/lang/Class;)[Ljava/lang/Object; @ 35 c2
Event: 12.634 Thread 0x000001e99337c6d0 DEOPT PACKING pc=0x000001e987c06954 sp=0x000000922b4fd6c0
Event: 12.634 Thread 0x000001e99337c6d0 DEOPT UNPACKING pc=0x000001e987589ea3 sp=0x000000922b4fd650 mode 2
Event: 12.781 Thread 0x000001e99337c6d0 Uncommon trap: trap_request=0xffffffc6 fr.pc=0x000001e987bf3810 relative=0x0000000000000810
Event: 12.781 Thread 0x000001e99337c6d0 Uncommon trap: reason=bimorphic_or_optimized_type_check action=maybe_recompile pc=0x000001e987bf3810 method=java.util.HashMap.putVal(ILjava/lang/Object;Ljava/lang/Object;ZZ)Ljava/lang/Object; @ 91 c2
Event: 12.781 Thread 0x000001e99337c6d0 DEOPT PACKING pc=0x000001e987bf3810 sp=0x000000922b4fe930
Event: 12.781 Thread 0x000001e99337c6d0 DEOPT UNPACKING pc=0x000001e987589ea3 sp=0x000000922b4fe838 mode 2
Event: 12.786 Thread 0x000001e99337c6d0 Uncommon trap: trap_request=0xffffffc6 fr.pc=0x000001e987bf3810 relative=0x0000000000000810
Event: 12.786 Thread 0x000001e99337c6d0 Uncommon trap: reason=bimorphic_or_optimized_type_check action=maybe_recompile pc=0x000001e987bf3810 method=java.util.HashMap.putVal(ILjava/lang/Object;Ljava/lang/Object;ZZ)Ljava/lang/Object; @ 91 c2
Event: 12.786 Thread 0x000001e99337c6d0 DEOPT PACKING pc=0x000001e987bf3810 sp=0x000000922b4fe930
Event: 12.786 Thread 0x000001e99337c6d0 DEOPT UNPACKING pc=0x000001e987589ea3 sp=0x000000922b4fe838 mode 2

Classes unloaded (7 events):
Event: 7.088 Thread 0x000001e9fdb914b0 Unloading class 0x000000010021e400 'java/lang/invoke/LambdaForm$MH+0x000000010021e400'
Event: 7.088 Thread 0x000001e9fdb914b0 Unloading class 0x000000010021e000 'java/lang/invoke/LambdaForm$MH+0x000000010021e000'
Event: 7.088 Thread 0x000001e9fdb914b0 Unloading class 0x000000010021dc00 'java/lang/invoke/LambdaForm$MH+0x000000010021dc00'
Event: 7.089 Thread 0x000001e9fdb914b0 Unloading class 0x000000010021d800 'java/lang/invoke/LambdaForm$MH+0x000000010021d800'
Event: 7.089 Thread 0x000001e9fdb914b0 Unloading class 0x000000010021d400 'java/lang/invoke/LambdaForm$BMH+0x000000010021d400'
Event: 7.089 Thread 0x000001e9fdb914b0 Unloading class 0x000000010021d000 'java/lang/invoke/LambdaForm$DMH+0x000000010021d000'
Event: 7.089 Thread 0x000001e9fdb914b0 Unloading class 0x0000000100218400 'java/lang/invoke/LambdaForm$DMH+0x0000000100218400'

Classes redefined (0 events):
No events

Internal exceptions (20 events):
Event: 6.964 Thread 0x000001e9ff432540 Exception <a 'java/lang/NoSuchMethodError'{0x00000000eb1383f0}: 'java.lang.Object java.lang.invoke.Invokers$Holder.linkToTargetMethod(java.lang.Object, java.lang.Object, long, java.lang.Object)'> (0x00000000eb1383f0) 
thrown [s\src\hotspot\share\interpreter\linkResolver.cpp, line 759]
Event: 7.008 Thread 0x000001e9ff432540 Exception <a 'java/lang/NoSuchMethodError'{0x00000000eb1b9d90}: 'int java.lang.invoke.DirectMethodHandle$Holder.invokeStaticInit(java.lang.Object, java.lang.Object, java.lang.Object)'> (0x00000000eb1b9d90) 
thrown [s\src\hotspot\share\interpreter\linkResolver.cpp, line 759]
Event: 7.306 Thread 0x000001e9ff432540 Exception <a 'java/lang/IncompatibleClassChangeError'{0x00000000eacc2b28}: Found class java.lang.Object, but interface was expected> (0x00000000eacc2b28) 
thrown [s\src\hotspot\share\interpreter\linkResolver.cpp, line 826]
Event: 7.324 Thread 0x000001e9ff432540 Exception <a 'java/lang/NoSuchMethodError'{0x00000000eacd6268}: 'java.lang.Object java.lang.invoke.DirectMethodHandle$Holder.invokeSpecial(java.lang.Object, java.lang.Object, java.lang.Object, int, java.lang.Object, java.lang.Object)'> (0x00000000eacd6268) 
thrown [s\src\hotspot\share\interpreter\linkResolver.cpp, line 759]
Event: 7.328 Thread 0x000001e9ff432540 Exception <a 'java/lang/NoSuchMethodError'{0x00000000eacde9f0}: 'java.lang.Object java.lang.invoke.DirectMethodHandle$Holder.newInvokeSpecial(java.lang.Object, java.lang.Object, java.lang.Object, int, java.lang.Object)'> (0x00000000eacde9f0) 
thrown [s\src\hotspot\share\interpreter\linkResolver.cpp, line 759]
Event: 7.330 Thread 0x000001e9ff432540 Exception <a 'java/lang/NoSuchMethodError'{0x00000000eace2e48}: 'java.lang.Object java.lang.invoke.DirectMethodHandle$Holder.invokeSpecial(java.lang.Object, java.lang.Object, java.lang.Object, java.lang.Object, int, java.lang.Object)'> (0x00000000eace2e48) 
thrown [s\src\hotspot\share\interpreter\linkResolver.cpp, line 759]
Event: 7.334 Thread 0x000001e99337cbe0 Exception <a 'java/lang/NoSuchMethodError'{0x00000000ead18e00}: 'java.lang.Object java.lang.invoke.DirectMethodHandle$Holder.invokeSpecial(java.lang.Object, java.lang.Object, int, java.lang.Object, java.lang.Object)'> (0x00000000ead18e00) 
thrown [s\src\hotspot\share\interpreter\linkResolver.cpp, line 759]
Event: 7.338 Thread 0x000001e99337cbe0 Exception <a 'java/lang/NoSuchMethodError'{0x00000000ead204d0}: 'java.lang.Object java.lang.invoke.DirectMethodHandle$Holder.newInvokeSpecial(java.lang.Object, java.lang.Object, int, java.lang.Object)'> (0x00000000ead204d0) 
thrown [s\src\hotspot\share\interpreter\linkResolver.cpp, line 759]
Event: 7.340 Thread 0x000001e99337cbe0 Exception <a 'java/lang/NoSuchMethodError'{0x00000000ead23fe0}: 'java.lang.Object java.lang.invoke.DirectMethodHandle$Holder.invokeSpecial(java.lang.Object, java.lang.Object, java.lang.Object, int, java.lang.Object)'> (0x00000000ead23fe0) 
thrown [s\src\hotspot\share\interpreter\linkResolver.cpp, line 759]
Event: 8.524 Thread 0x000001e9ff432540 Implicit null exception at 0x000001e987bc4548 to 0x000001e987bc4634
Event: 9.567 Thread 0x000001e9ff432540 Exception <a 'java/lang/ClassNotFoundException'{0x00000000eb560bc8}: com/sun/org/apache/xerces/internal/impl/msg/spi/DOMMessagesProvider> (0x00000000eb560bc8) 
thrown [s\src\hotspot\share\classfile\systemDictionary.cpp, line 256]
Event: 9.594 Thread 0x000001e9ff432540 Exception <a 'java/lang/ClassNotFoundException'{0x00000000eb5889d0}: com/sun/org/apache/xerces/internal/impl/msg/spi/XMLSerializerMessagesProvider> (0x00000000eb5889d0) 
thrown [s\src\hotspot\share\classfile\systemDictionary.cpp, line 256]
Event: 9.598 Thread 0x000001e9ff432540 Exception <a 'java/lang/ClassNotFoundException'{0x00000000eb595c08}: com/sun/org/apache/xerces/internal/impl/msg/spi/XMLMessagesProvider> (0x00000000eb595c08) 
thrown [s\src\hotspot\share\classfile\systemDictionary.cpp, line 256]
Event: 9.810 Thread 0x000001e9ff432540 Exception <a 'java/lang/NoSuchMethodError'{0x00000000eb847218}: 'java.lang.Object java.lang.invoke.DirectMethodHandle$Holder.newInvokeSpecial(java.lang.Object, int, java.lang.Object, java.lang.Object)'> (0x00000000eb847218) 
thrown [s\src\hotspot\share\interpreter\linkResolver.cpp, line 759]
Event: 10.330 Thread 0x000001e9ff432540 Exception <a 'java/lang/NoSuchMethodError'{0x00000000ebb053c8}: 'java.lang.Object java.lang.invoke.DirectMethodHandle$Holder.invokeStaticInit(java.lang.Object, int, int, int, int)'> (0x00000000ebb053c8) 
thrown [s\src\hotspot\share\interpreter\linkResolver.cpp, line 759]
Event: 10.837 Thread 0x000001e9ff432540 Exception <a 'java/lang/NoSuchMethodError'{0x00000000ebbcd1c0}: 'java.lang.Object java.lang.invoke.DirectMethodHandle$Holder.invokeStaticInit(java.lang.Object, java.lang.Object, int, int, int, int)'> (0x00000000ebbcd1c0) 
thrown [s\src\hotspot\share\interpreter\linkResolver.cpp, line 759]
Event: 11.339 Thread 0x000001e9ff432540 Exception <a 'sun/nio/fs/WindowsException'{0x00000000ebe82168}> (0x00000000ebe82168) 
thrown [s\src\hotspot\share\prims\jni.cpp, line 516]
Event: 11.588 Thread 0x000001e9ff432540 Implicit null exception at 0x000001e987ba3380 to 0x000001e987ba4068
Event: 11.874 Thread 0x000001e9ff432540 Exception <a 'java/lang/ClassNotFoundException'{0x00000000eab2a478}: com/sun/org/apache/xml/internal/serializer/spi/XMLEntitiesProvider> (0x00000000eab2a478) 
thrown [s\src\hotspot\share\classfile\systemDictionary.cpp, line 256]
Event: 13.115 Thread 0x000001e9ff432540 Exception <a 'java/io/FileNotFoundException'{0x00000000eb3ebdf8}> (0x00000000eb3ebdf8) 
thrown [s\src\hotspot\share\prims\jni.cpp, line 516]

VM Operations (20 events):
Event: 8.137 Executing VM operation: ParallelGCFailedAllocation
Event: 8.141 Executing VM operation: ParallelGCFailedAllocation done
Event: 8.868 Executing VM operation: ParallelGCFailedAllocation
Event: 8.873 Executing VM operation: ParallelGCFailedAllocation done
Event: 9.405 Executing VM operation: HandshakeAllThreads
Event: 9.405 Executing VM operation: HandshakeAllThreads done
Event: 9.998 Executing VM operation: HandshakeAllThreads
Event: 9.999 Executing VM operation: HandshakeAllThreads done
Event: 9.999 Executing VM operation: Cleanup
Event: 9.999 Executing VM operation: Cleanup done
Event: 10.011 Executing VM operation: HandshakeAllThreads
Event: 10.011 Executing VM operation: HandshakeAllThreads done
Event: 10.935 Executing VM operation: HandshakeAllThreads
Event: 10.935 Executing VM operation: HandshakeAllThreads done
Event: 11.821 Executing VM operation: ParallelGCFailedAllocation
Event: 11.855 Executing VM operation: ParallelGCFailedAllocation done
Event: 12.307 Executing VM operation: HandshakeAllThreads
Event: 12.307 Executing VM operation: HandshakeAllThreads done
Event: 13.307 Executing VM operation: Cleanup
Event: 13.308 Executing VM operation: Cleanup done

Events (20 events):
Event: 13.292 loading class java/util/logging/LogManager$LoggerWeakRef done
Event: 13.293 loading class java/util/logging/LogManager$VisitedLoggers
Event: 13.293 loading class java/util/logging/LogManager$VisitedLoggers done
Event: 13.293 loading class java/util/logging/LogManager$LoggerContext$1
Event: 13.294 loading class java/util/logging/LogManager$LoggerContext$1 done
Event: 13.307 loading class java/util/stream/Streams$StreamBuilderImpl
Event: 13.309 loading class java/util/stream/Stream$Builder
Event: 13.309 loading class java/util/stream/Stream$Builder done
Event: 13.309 loading class java/util/stream/Streams$AbstractStreamBuilderImpl
Event: 13.310 loading class java/util/stream/Streams$AbstractStreamBuilderImpl done
Event: 13.310 loading class java/util/stream/Streams$StreamBuilderImpl done
Event: 13.310 loading class java/util/stream/Streams
Event: 13.311 loading class java/util/stream/Streams done
Event: 13.311 loading class java/util/IdentityHashMap$Values
Event: 13.312 loading class java/util/IdentityHashMap$Values done
Event: 13.315 loading class jdk/internal/logger/LoggerFinderLoader
Event: 13.317 loading class jdk/internal/logger/LoggerFinderLoader done
Event: 13.318 loading class jdk/internal/logger/BootstrapLogger$BootstrapExecutors
Event: 13.319 loading class jdk/internal/logger/BootstrapLogger$BootstrapExecutors done
Event: 13.319 loading class jdk/internal/logger/LoggerFinderLoader$TemporaryLoggerFinder


Dynamic libraries:
0x00007ff708ab0000 - 0x00007ff708abe000 	c:\Users\srish\.vscode\extensions\redhat.java-1.29.0-win32-x64\jre\17.0.10-win32-x86_64\bin\java.exe
0x00007fff52c70000 - 0x00007fff52e86000 	C:\WINDOWS\SYSTEM32\ntdll.dll
0x00007fff519b0000 - 0x00007fff51a74000 	C:\WINDOWS\System32\KERNEL32.DLL
0x00007fff50460000 - 0x00007fff50807000 	C:\WINDOWS\System32\KERNELBASE.dll
0x00007fff50810000 - 0x00007fff50921000 	C:\WINDOWS\System32\ucrtbase.dll
0x00007fff45cd0000 - 0x00007fff45ce7000 	c:\Users\srish\.vscode\extensions\redhat.java-1.29.0-win32-x64\jre\17.0.10-win32-x86_64\bin\jli.dll
0x00007fff26a90000 - 0x00007fff26aab000 	c:\Users\srish\.vscode\extensions\redhat.java-1.29.0-win32-x64\jre\17.0.10-win32-x86_64\bin\VCRUNTIME140.dll
0x00007fff51a80000 - 0x00007fff51c2e000 	C:\WINDOWS\System32\USER32.dll
0x00007fff50220000 - 0x00007fff50246000 	C:\WINDOWS\System32\win32u.dll
0x00007fff39830000 - 0x00007fff39ac3000 	C:\WINDOWS\WinSxS\amd64_microsoft.windows.common-controls_6595b64144ccf1df_6.0.22621.3235_none_270f74e173860f98\COMCTL32.dll
0x00007fff52660000 - 0x00007fff52689000 	C:\WINDOWS\System32\GDI32.dll
0x00007fff52910000 - 0x00007fff529b7000 	C:\WINDOWS\System32\msvcrt.dll
0x00007fff50340000 - 0x00007fff50459000 	C:\WINDOWS\System32\gdi32full.dll
0x00007fff4ff90000 - 0x00007fff5002a000 	C:\WINDOWS\System32\msvcp_win.dll
0x00007fff52620000 - 0x00007fff52651000 	C:\WINDOWS\System32\IMM32.DLL
0x00007fff37dc0000 - 0x00007fff37dcc000 	c:\Users\srish\.vscode\extensions\redhat.java-1.29.0-win32-x64\jre\17.0.10-win32-x86_64\bin\vcruntime140_1.dll
0x00007fff07120000 - 0x00007fff071ad000 	c:\Users\srish\.vscode\extensions\redhat.java-1.29.0-win32-x64\jre\17.0.10-win32-x86_64\bin\msvcp140.dll
0x00007ffe97ca0000 - 0x00007ffe98902000 	c:\Users\srish\.vscode\extensions\redhat.java-1.29.0-win32-x64\jre\17.0.10-win32-x86_64\bin\server\jvm.dll
0x00007fff50ed0000 - 0x00007fff50f82000 	C:\WINDOWS\System32\ADVAPI32.dll
0x00007fff52b80000 - 0x00007fff52c28000 	C:\WINDOWS\System32\sechost.dll
0x00007fff50310000 - 0x00007fff50338000 	C:\WINDOWS\System32\bcrypt.dll
0x00007fff50a20000 - 0x00007fff50b35000 	C:\WINDOWS\System32\RPCRT4.dll
0x00007fff4fe60000 - 0x00007fff4fead000 	C:\WINDOWS\SYSTEM32\POWRPROF.dll
0x00007fff1cdc0000 - 0x00007fff1cdc9000 	C:\WINDOWS\SYSTEM32\WSOCK32.dll
0x00007fff444d0000 - 0x00007fff44504000 	C:\WINDOWS\SYSTEM32\WINMM.dll
0x00007fff509a0000 - 0x00007fff50a11000 	C:\WINDOWS\System32\WS2_32.dll
0x00007fff3bbf0000 - 0x00007fff3bbfa000 	C:\WINDOWS\SYSTEM32\VERSION.dll
0x00007fff4fe40000 - 0x00007fff4fe53000 	C:\WINDOWS\SYSTEM32\UMPDC.dll
0x00007fff4efd0000 - 0x00007fff4efe8000 	C:\WINDOWS\SYSTEM32\kernel.appcore.dll
0x00007fff36650000 - 0x00007fff3665a000 	c:\Users\srish\.vscode\extensions\redhat.java-1.29.0-win32-x64\jre\17.0.10-win32-x86_64\bin\jimage.dll
0x00007fff4a870000 - 0x00007fff4aaa3000 	C:\WINDOWS\SYSTEM32\DBGHELP.DLL
0x00007fff51020000 - 0x00007fff513a8000 	C:\WINDOWS\System32\combase.dll
0x00007fff50c40000 - 0x00007fff50d17000 	C:\WINDOWS\System32\OLEAUT32.dll
0x00007fff33360000 - 0x00007fff33392000 	C:\WINDOWS\SYSTEM32\dbgcore.DLL
0x00007fff501a0000 - 0x00007fff50219000 	C:\WINDOWS\System32\bcryptPrimitives.dll
0x00007fff356e0000 - 0x00007fff356ee000 	c:\Users\srish\.vscode\extensions\redhat.java-1.29.0-win32-x64\jre\17.0.10-win32-x86_64\bin\instrument.dll
0x00007fff096f0000 - 0x00007fff09715000 	c:\Users\srish\.vscode\extensions\redhat.java-1.29.0-win32-x64\jre\17.0.10-win32-x86_64\bin\java.dll
0x00007fff096d0000 - 0x00007fff096e8000 	c:\Users\srish\.vscode\extensions\redhat.java-1.29.0-win32-x64\jre\17.0.10-win32-x86_64\bin\zip.dll
0x00007fff51c30000 - 0x00007fff5248c000 	C:\WINDOWS\System32\SHELL32.dll
0x00007fff4def0000 - 0x00007fff4e7e9000 	C:\WINDOWS\SYSTEM32\windows.storage.dll
0x00007fff4ddb0000 - 0x00007fff4deee000 	C:\WINDOWS\SYSTEM32\wintypes.dll
0x00007fff524b0000 - 0x00007fff525a3000 	C:\WINDOWS\System32\SHCORE.dll
0x00007fff51950000 - 0x00007fff519ae000 	C:\WINDOWS\System32\shlwapi.dll
0x00007fff4fec0000 - 0x00007fff4fee1000 	C:\WINDOWS\SYSTEM32\profapi.dll
0x00007fff096b0000 - 0x00007fff096c9000 	C:\Users\srish\.vscode\extensions\redhat.java-1.29.0-win32-x64\jre\17.0.10-win32-x86_64\bin\net.dll
0x00007fff499e0000 - 0x00007fff49b16000 	C:\WINDOWS\SYSTEM32\WINHTTP.dll
0x00007fff4f440000 - 0x00007fff4f4a9000 	C:\WINDOWS\system32\mswsock.dll
0x00007fff088d0000 - 0x00007fff088e6000 	C:\Users\srish\.vscode\extensions\redhat.java-1.29.0-win32-x64\jre\17.0.10-win32-x86_64\bin\nio.dll
0x00007fff1b0b0000 - 0x00007fff1b0c0000 	c:\Users\srish\.vscode\extensions\redhat.java-1.29.0-win32-x64\jre\17.0.10-win32-x86_64\bin\verify.dll
0x00007fff354c0000 - 0x00007fff354fe000 	C:\Users\srish\AppData\Roaming\Code\User\globalStorage\redhat.java\1.29.0\config_ss_win\org.eclipse.equinox.launcher\org.eclipse.equinox.launcher.win32.win32.x86_64_1.2.900.v20240213-1244\eclipse_11900.dll
0x00007fff50d20000 - 0x00007fff50ec5000 	C:\WINDOWS\System32\ole32.dll
0x00007fff4f6a0000 - 0x00007fff4f6bb000 	C:\WINDOWS\SYSTEM32\CRYPTSP.dll
0x00007fff4ef30000 - 0x00007fff4ef65000 	C:\WINDOWS\system32\rsaenh.dll
0x00007fff4f540000 - 0x00007fff4f568000 	C:\WINDOWS\SYSTEM32\USERENV.dll
0x00007fff4f6c0000 - 0x00007fff4f6cc000 	C:\WINDOWS\SYSTEM32\CRYPTBASE.dll
0x00007fff4ea50000 - 0x00007fff4ea7d000 	C:\WINDOWS\SYSTEM32\IPHLPAPI.DLL
0x00007fff513c0000 - 0x00007fff513c9000 	C:\WINDOWS\System32\NSI.dll
0x00007fff444b0000 - 0x00007fff444c9000 	C:\WINDOWS\SYSTEM32\dhcpcsvc6.DLL
0x00007fff44490000 - 0x00007fff444af000 	C:\WINDOWS\SYSTEM32\dhcpcsvc.DLL
0x00007fff4eac0000 - 0x00007fff4ebb9000 	C:\WINDOWS\SYSTEM32\DNSAPI.dll

dbghelp: loaded successfully - version: 4.0.5 - missing functions: none
symbol engine: initialized successfully - sym options: 0x614 - pdb path: .;c:\Users\srish\.vscode\extensions\redhat.java-1.29.0-win32-x64\jre\17.0.10-win32-x86_64\bin;C:\WINDOWS\SYSTEM32;C:\WINDOWS\WinSxS\amd64_microsoft.windows.common-controls_6595b64144ccf1df_6.0.22621.3235_none_270f74e173860f98;c:\Users\srish\.vscode\extensions\redhat.java-1.29.0-win32-x64\jre\17.0.10-win32-x86_64\bin\server;C:\Users\srish\AppData\Roaming\Code\User\globalStorage\redhat.java\1.29.0\config_ss_win\org.eclipse.equinox.launcher\org.eclipse.equinox.launcher.win32.win32.x86_64_1.2.900.v20240213-1244

VM Arguments:
jvm_args: --add-modules=ALL-SYSTEM --add-opens=java.base/java.util=ALL-UNNAMED --add-opens=java.base/java.lang=ALL-UNNAMED --add-opens=java.base/sun.nio.fs=ALL-UNNAMED -Declipse.application=org.eclipse.jdt.ls.core.id1 -Dosgi.bundles.defaultStartLevel=4 -Declipse.product=org.eclipse.jdt.ls.core.product -Djava.import.generatesMetadataFilesAtProjectRoot=false -DDetectVMInstallationsJob.disabled=true -Dfile.encoding=utf8 -XX:+UseParallelGC -XX:GCTimeRatio=4 -XX:AdaptiveSizePolicyWeight=90 -Dsun.zip.disableMemoryMapping=true -Xmx1G -Xms100m -Xlog:disable -javaagent:c:\Users\srish\.vscode\extensions\redhat.java-1.29.0-win32-x64\lombok\lombok-1.18.32.jar 
java_command: c:\Users\srish\.vscode\extensions\redhat.java-1.29.0-win32-x64\server\plugins\org.eclipse.equinox.launcher_1.6.800.v20240304-1850.jar -configuration c:\Users\srish\AppData\Roaming\Code\User\globalStorage\redhat.java\1.29.0\config_ss_win -data c:\Users\srish\AppData\Roaming\Code\User\workspaceStorage\9de046fb5f30da898615763b4ceabb60\redhat.java\ss_ws --stdio
java_class_path (initial): c:\Users\srish\.vscode\extensions\redhat.java-1.29.0-win32-x64\server\plugins\org.eclipse.equinox.launcher_1.6.800.v20240304-1850.jar
Launcher Type: SUN_STANDARD

[Global flags]
    uintx AdaptiveSizePolicyWeight                 = 90                                        {product} {command line}
     intx CICompilerCount                          = 4                                         {product} {ergonomic}
    uintx GCTimeRatio                              = 4                                         {product} {command line}
   size_t InitialHeapSize                          = 104857600                                 {product} {command line}
   size_t MaxHeapSize                              = 1073741824                                {product} {command line}
   size_t MaxNewSize                               = 357564416                                 {product} {ergonomic}
   size_t MinHeapDeltaBytes                        = 524288                                    {product} {ergonomic}
   size_t MinHeapSize                              = 104857600                                 {product} {command line}
   size_t NewSize                                  = 34603008                                  {product} {ergonomic}
    uintx NonNMethodCodeHeapSize                   = 5839372                                {pd product} {ergonomic}
    uintx NonProfiledCodeHeapSize                  = 122909434                              {pd product} {ergonomic}
   size_t OldSize                                  = 70254592                                  {product} {ergonomic}
    uintx ProfiledCodeHeapSize                     = 122909434                              {pd product} {ergonomic}
    uintx ReservedCodeCacheSize                    = 251658240                              {pd product} {ergonomic}
     bool SegmentedCodeCache                       = true                                      {product} {ergonomic}
   size_t SoftMaxHeapSize                          = 1073741824                             {manageable} {ergonomic}
     bool UseCompressedClassPointers               = true                           {product lp64_product} {ergonomic}
     bool UseCompressedOops                        = true                           {product lp64_product} {ergonomic}
     bool UseLargePagesIndividualAllocation        = false                                  {pd product} {ergonomic}
     bool UseParallelGC                            = true                                      {product} {command line}

Logging:
Log output configuration:
 #0: stdout all=off uptime,level,tags
 #1: stderr all=off uptime,level,tags

Environment Variables:
JAVA_HOME=C:\Program Files\Amazon Corretto\jdk17.0.10_7
PATH=C:\Program Files\Amazon Corretto\jdk17.0.10_7\bin;C:\Program Files\Common Files\Oracle\Java\javapath;C:\WINDOWS\system32;C:\WINDOWS;C:\WINDOWS\System32\Wbem;C:\WINDOWS\System32\WindowsPowerShell\v1.0\;C:\WINDOWS\System32\OpenSSH\;C:\Program Files\Microsoft SQL Server\150\Tools\Binn\;C:\Program Files\Microsoft SQL Server\Client SDK\ODBC\170\Tools\Binn\;C:\Program Files\dotnet\;C:\Program Files\Git\cmd;C:\Program Files\nodejs\;C:\Program Files\MongoDB\Server\7.0\bin;C:\mongosh-2.0.2-win32-x64\bin;C:\Program Files\apache-maven-3.9.6-bin\apache-maven-3.9.6\bin;C:\Users\srish\AppData\Local\Microsoft\WindowsApps;C:\Users\srish\.dotnet\tools;C:\Users\srish\AppData\Local\Programs\Microsoft VS Code\bin;C:\Users\srish\AppData\Roaming\npm;C:\ProgramData\srish\GitHubDesktop\bin
USERNAME=srish
OS=Windows_NT
PROCESSOR_IDENTIFIER=Intel64 Family 6 Model 126 Stepping 5, GenuineIntel
TMP=C:\Users\srish\AppData\Local\Temp
TEMP=C:\Users\srish\AppData\Local\Temp



Periodic native trim disabled


---------------  S Y S T E M  ---------------

OS:
 Windows 11 , 64 bit Build 22621 (10.0.22621.3374)
OS uptime: 0 days 12:32 hours

CPU: total 8 (initial active 8) (4 cores per cpu, 2 threads per core) family 6 model 126 stepping 5 microcode 0xa6, cx8, cmov, fxsr, ht, mmx, 3dnowpref, sse, sse2, sse3, ssse3, sse4.1, sse4.2, popcnt, lzcnt, tsc, tscinvbit, avx, avx2, aes, erms, clmul, bmi1, bmi2, adx, avx512f, avx512dq, avx512cd, avx512bw, avx512vl, sha, fma, vzeroupper, avx512_vpopcntdq, avx512_vpclmulqdq, avx512_vaes, avx512_vnni, clflush, clflushopt, avx512_vbmi2, avx512_vbmi
Processor Information for all 8 processors :
  Max Mhz: 1190, Current Mhz: 991, Mhz Limit: 987

Memory: 4k page, system-wide physical 7946M (900M free)
TotalPageFile size 11945M (AvailPageFile size 119M)
current process WorkingSet (physical memory assigned to process): 124M, peak: 141M
current process commit charge ("private bytes"): 235M, peak: 250M

vm_info: OpenJDK 64-Bit Server VM (17.0.10+7) for windows-amd64 JRE (17.0.10+7), built on Jan 16 2024 23:25:11 by "admin" with MS VC++ 16.10 / 16.11 (VS2019)

END.
